[ 2015-04-03T15:06:06+08:00 ] 127.0.0.1 /shop/
INFO: [ app_init ] --START--
INFO: Run Behavior\BuildLiteBehavior [ RunTime:0.000019s ]
INFO: [ app_init ] --END-- [ RunTime:0.000113s ]
INFO: [ app_begin ] --START--
INFO: Run Behavior\ReadHtmlCacheBehavior [ RunTime:0.000627s ]
INFO: [ app_begin ] --END-- [ RunTime:0.000717s ]
INFO: [ view_parse ] --START--
INFO: [ template_filter ] --START--
INFO: Run Behavior\ContentReplaceBehavior [ RunTime:0.000057s ]
INFO: [ template_filter ] --END-- [ RunTime:0.000142s ]
INFO: Run Behavior\ParseTemplateBehavior [ RunTime:0.005213s ]
INFO: [ view_parse ] --END-- [ RunTime:0.005311s ]
INFO: [ view_filter ] --START--
INFO: Run Behavior\WriteHtmlCacheBehavior [ RunTime:0.000407s ]
INFO: [ view_filter ] --END-- [ RunTime:0.000489s ]
INFO: [ app_end ] --START--
INFO: Run Behavior\ShowPageTraceBehavior [ RunTime:0.000590s ]
INFO: [ app_end ] --END-- [ RunTime:0.000668s ]

[ 2015-04-03T15:08:26+08:00 ] 127.0.0.1 /shop/
INFO: [ app_init ] --START--
INFO: Run Behavior\BuildLiteBehavior [ RunTime:0.000034s ]
INFO: [ app_init ] --END-- [ RunTime:0.000677s ]

[ 2015-04-03T15:11:50+08:00 ] 127.0.0.1 /shop/Home/index/
INFO: [ app_init ] --START--
INFO: Run Behavior\BuildLiteBehavior [ RunTime:0.000030s ]
INFO: [ app_init ] --END-- [ RunTime:0.000636s ]

[ 2015-04-03T15:11:50+08:00 ] 127.0.0.1 /shop/Home/index/css/grid.css
INFO: [ app_init ] --START--
INFO: Run Behavior\BuildLiteBehavior [ RunTime:0.000023s ]
INFO: [ app_init ] --END-- [ RunTime:0.000386s ]
ERR: 非法操作:css

[ 2015-04-03T15:11:50+08:00 ] 127.0.0.1 /shop/Home/index/js/html5.js
INFO: [ app_init ] --START--
INFO: Run Behavior\BuildLiteBehavior [ RunTime:0.000019s ]
INFO: [ app_init ] --END-- [ RunTime:0.000369s ]
ERR: 非法操作:js

[ 2015-04-03T15:11:50+08:00 ] 127.0.0.1 /shop/Home/index/js/jquery-1.7.2.min.js
INFO: [ app_init ] --START--
INFO: Run Behavior\BuildLiteBehavior [ RunTime:0.000018s ]
INFO: [ app_init ] --END-- [ RunTime:0.000342s ]
ERR: 非法操作:js

[ 2015-04-03T15:11:50+08:00 ] 127.0.0.1 /shop/Home/index/js/jquery.carouFredSel-5.2.2-packed.js
INFO: [ app_init ] --START--
INFO: Run Behavior\BuildLiteBehavior [ RunTime:0.000021s ]
INFO: [ app_init ] --END-- [ RunTime:0.000374s ]
ERR: 非法操作:js

[ 2015-04-03T15:11:50+08:00 ] 127.0.0.1 /shop/Home/index/js/jflow.plus.js
INFO: [ app_init ] --START--
INFO: Run Behavior\BuildLiteBehavior [ RunTime:0.000020s ]
INFO: [ app_init ] --END-- [ RunTime:0.000365s ]
ERR: 非法操作:js

[ 2015-04-03T15:11:50+08:00 ] 127.0.0.1 /shop/Home/index/css/style.css
INFO: [ app_init ] --START--
INFO: Run Behavior\BuildLiteBehavior [ RunTime:0.000020s ]
INFO: [ app_init ] --END-- [ RunTime:0.000330s ]
ERR: 非法操作:css

[ 2015-04-03T15:12:04+08:00 ] 127.0.0.1 /shop/Home/index/
INFO: [ app_init ] --START--
INFO: Run Behavior\BuildLiteBehavior [ RunTime:0.000028s ]
INFO: [ app_init ] --END-- [ RunTime:0.000527s ]

[ 2015-04-03T15:12:04+08:00 ] 127.0.0.1 /shop/Home/index/js/html5.js
INFO: [ app_init ] --START--
INFO: Run Behavior\BuildLiteBehavior [ RunTime:0.000019s ]
INFO: [ app_init ] --END-- [ RunTime:0.000327s ]
ERR: 非法操作:js

[ 2015-04-03T15:12:04+08:00 ] 127.0.0.1 /shop/Home/index/js/jquery-1.7.2.min.js
INFO: [ app_init ] --START--
INFO: Run Behavior\BuildLiteBehavior [ RunTime:0.000023s ]
INFO: [ app_init ] --END-- [ RunTime:0.000382s ]
ERR: 非法操作:js

[ 2015-04-03T15:12:04+08:00 ] 127.0.0.1 /shop/Home/index/js/jflow.plus.js
INFO: [ app_init ] --START--
INFO: Run Behavior\BuildLiteBehavior [ RunTime:0.000020s ]
INFO: [ app_init ] --END-- [ RunTime:0.000318s ]
ERR: 非法操作:js

[ 2015-04-03T15:12:04+08:00 ] 127.0.0.1 /shop/Home/index/css/grid.css
INFO: [ app_init ] --START--
INFO: Run Behavior\BuildLiteBehavior [ RunTime:0.000022s ]
INFO: [ app_init ] --END-- [ RunTime:0.000613s ]
ERR: 非法操作:css

[ 2015-04-03T15:12:04+08:00 ] 127.0.0.1 /shop/Home/css/style.css
INFO: [ app_init ] --START--
INFO: Run Behavior\BuildLiteBehavior [ RunTime:0.000024s ]
INFO: [ app_init ] --END-- [ RunTime:0.000342s ]
ERR: 无法加载控制器:Css

[ 2015-04-03T15:12:04+08:00 ] 127.0.0.1 /shop/Home/index/js/jquery.carouFredSel-5.2.2-packed.js
INFO: [ app_init ] --START--
INFO: Run Behavior\BuildLiteBehavior [ RunTime:0.000024s ]
INFO: [ app_init ] --END-- [ RunTime:0.000435s ]
ERR: 非法操作:js

[ 2015-04-03T15:12:13+08:00 ] 127.0.0.1 /shop/Home/index/
INFO: [ app_init ] --START--
INFO: Run Behavior\BuildLiteBehavior [ RunTime:0.000031s ]
INFO: [ app_init ] --END-- [ RunTime:0.000595s ]

[ 2015-04-03T15:12:13+08:00 ] 127.0.0.1 /shop/Home/index/css/grid.css
INFO: [ app_init ] --START--
INFO: Run Behavior\BuildLiteBehavior [ RunTime:0.000021s ]
INFO: [ app_init ] --END-- [ RunTime:0.000361s ]
ERR: 非法操作:css

[ 2015-04-03T15:12:13+08:00 ] 127.0.0.1 /shop/Home/index/js/jflow.plus.js
INFO: [ app_init ] --START--
INFO: Run Behavior\BuildLiteBehavior [ RunTime:0.000023s ]
INFO: [ app_init ] --END-- [ RunTime:0.000400s ]
ERR: 非法操作:js

[ 2015-04-03T15:12:13+08:00 ] 127.0.0.1 /shop/Home/index/js/jquery-1.7.2.min.js
INFO: [ app_init ] --START--
INFO: Run Behavior\BuildLiteBehavior [ RunTime:0.000019s ]
INFO: [ app_init ] --END-- [ RunTime:0.000633s ]
ERR: 非法操作:js

[ 2015-04-03T15:12:13+08:00 ] 127.0.0.1 /shop/Home/index/js/jquery.carouFredSel-5.2.2-packed.js
INFO: [ app_init ] --START--
INFO: Run Behavior\BuildLiteBehavior [ RunTime:0.000020s ]
INFO: [ app_init ] --END-- [ RunTime:0.000319s ]
ERR: 非法操作:js

[ 2015-04-03T15:12:13+08:00 ] 127.0.0.1 /shop/Home/index/js/html5.js
INFO: [ app_init ] --START--
INFO: Run Behavior\BuildLiteBehavior [ RunTime:0.000021s ]
INFO: [ app_init ] --END-- [ RunTime:0.000331s ]
ERR: 非法操作:js

[ 2015-04-03T15:12:34+08:00 ] 127.0.0.1 /shop/Home/index/
INFO: [ app_init ] --START--
INFO: Run Behavior\BuildLiteBehavior [ RunTime:0.000036s ]
INFO: [ app_init ] --END-- [ RunTime:0.000648s ]

[ 2015-04-03T15:12:34+08:00 ] 127.0.0.1 /shop/Home/shopEL/css/style.css
INFO: [ app_init ] --START--
INFO: Run Behavior\BuildLiteBehavior [ RunTime:0.000020s ]
INFO: [ app_init ] --END-- [ RunTime:0.000353s ]
ERR: 无法加载控制器:ShopEL

[ 2015-04-03T15:12:34+08:00 ] 127.0.0.1 /shop/Home/index/js/jflow.plus.js
INFO: [ app_init ] --START--
INFO: Run Behavior\BuildLiteBehavior [ RunTime:0.000019s ]
INFO: [ app_init ] --END-- [ RunTime:0.000325s ]
ERR: 非法操作:js

[ 2015-04-03T15:12:34+08:00 ] 127.0.0.1 /shop/Home/index/js/html5.js
INFO: [ app_init ] --START--
INFO: Run Behavior\BuildLiteBehavior [ RunTime:0.000021s ]
INFO: [ app_init ] --END-- [ RunTime:0.000376s ]
ERR: 非法操作:js

[ 2015-04-03T15:12:34+08:00 ] 127.0.0.1 /shop/Home/index/css/grid.css
INFO: [ app_init ] --START--
INFO: Run Behavior\BuildLiteBehavior [ RunTime:0.000019s ]
INFO: [ app_init ] --END-- [ RunTime:0.000520s ]
ERR: 非法操作:css

[ 2015-04-03T15:12:34+08:00 ] 127.0.0.1 /shop/Home/index/js/jquery.carouFredSel-5.2.2-packed.js
INFO: [ app_init ] --START--
INFO: Run Behavior\BuildLiteBehavior [ RunTime:0.000019s ]
INFO: [ app_init ] --END-- [ RunTime:0.000320s ]
ERR: 非法操作:js

[ 2015-04-03T15:12:34+08:00 ] 127.0.0.1 /shop/Home/index/js/jquery-1.7.2.min.js
INFO: [ app_init ] --START--
INFO: Run Behavior\BuildLiteBehavior [ RunTime:0.000020s ]
INFO: [ app_init ] --END-- [ RunTime:0.000341s ]
ERR: 非法操作:js

[ 2015-04-03T15:12:54+08:00 ] 127.0.0.1 /shop/Home/index/
INFO: [ app_init ] --START--
INFO: Run Behavior\BuildLiteBehavior [ RunTime:0.000037s ]
INFO: [ app_init ] --END-- [ RunTime:0.000732s ]

[ 2015-04-03T15:12:54+08:00 ] 127.0.0.1 /shop/Home/index/js/html5.js
INFO: [ app_init ] --START--
INFO: Run Behavior\BuildLiteBehavior [ RunTime:0.000023s ]
INFO: [ app_init ] --END-- [ RunTime:0.001516s ]
ERR: 非法操作:js

[ 2015-04-03T15:12:54+08:00 ] 127.0.0.1 /shop/Home/index/js/jflow.plus.js
INFO: [ app_init ] --START--
INFO: Run Behavior\BuildLiteBehavior [ RunTime:0.000022s ]
INFO: [ app_init ] --END-- [ RunTime:0.000413s ]
ERR: 非法操作:js

[ 2015-04-03T15:12:54+08:00 ] 127.0.0.1 /shop/Home/shopEL/Home/css/style.css
INFO: [ app_init ] --START--
INFO: Run Behavior\BuildLiteBehavior [ RunTime:0.000020s ]
INFO: [ app_init ] --END-- [ RunTime:0.001437s ]
ERR: 无法加载控制器:ShopEL

[ 2015-04-03T15:12:54+08:00 ] 127.0.0.1 /shop/Home/index/js/jquery-1.7.2.min.js
INFO: [ app_init ] --START--
INFO: Run Behavior\BuildLiteBehavior [ RunTime:0.000022s ]
INFO: [ app_init ] --END-- [ RunTime:0.000383s ]
ERR: 非法操作:js

[ 2015-04-03T15:12:54+08:00 ] 127.0.0.1 /shop/Home/index/js/jquery.carouFredSel-5.2.2-packed.js
INFO: [ app_init ] --START--
INFO: Run Behavior\BuildLiteBehavior [ RunTime:0.000021s ]
INFO: [ app_init ] --END-- [ RunTime:0.000752s ]
ERR: 非法操作:js

[ 2015-04-03T15:12:54+08:00 ] 127.0.0.1 /shop/Home/index/css/grid.css
INFO: [ app_init ] --START--
INFO: Run Behavior\BuildLiteBehavior [ RunTime:0.000019s ]
INFO: [ app_init ] --END-- [ RunTime:0.000338s ]
ERR: 非法操作:css

[ 2015-04-03T15:13:10+08:00 ] 127.0.0.1 /shop/Home/index/
INFO: [ app_init ] --START--
INFO: Run Behavior\BuildLiteBehavior [ RunTime:0.000019s ]
INFO: [ app_init ] --END-- [ RunTime:0.000394s ]

[ 2015-04-03T15:13:10+08:00 ] 127.0.0.1 /shop/Home/index/js/jquery-1.7.2.min.js
INFO: [ app_init ] --START--
INFO: Run Behavior\BuildLiteBehavior [ RunTime:0.000020s ]
INFO: [ app_init ] --END-- [ RunTime:0.000316s ]
ERR: 非法操作:js

[ 2015-04-03T15:13:10+08:00 ] 127.0.0.1 /shop/Home/index/js/jflow.plus.js
INFO: [ app_init ] --START--
INFO: Run Behavior\BuildLiteBehavior [ RunTime:0.000020s ]
INFO: [ app_init ] --END-- [ RunTime:0.000319s ]
ERR: 非法操作:js

[ 2015-04-03T15:13:10+08:00 ] 127.0.0.1 /shop/Home/index/js/jquery.carouFredSel-5.2.2-packed.js
INFO: [ app_init ] --START--
INFO: Run Behavior\BuildLiteBehavior [ RunTime:0.000021s ]
INFO: [ app_init ] --END-- [ RunTime:0.000319s ]
ERR: 非法操作:js

[ 2015-04-03T15:13:10+08:00 ] 127.0.0.1 /shop/Home/index/js/html5.js
INFO: [ app_init ] --START--
INFO: Run Behavior\BuildLiteBehavior [ RunTime:0.000019s ]
INFO: [ app_init ] --END-- [ RunTime:0.000320s ]
ERR: 非法操作:js

[ 2015-04-03T15:13:10+08:00 ] 127.0.0.1 /shop/Home/index/css/grid.css
INFO: [ app_init ] --START--
INFO: Run Behavior\BuildLiteBehavior [ RunTime:0.000022s ]
INFO: [ app_init ] --END-- [ RunTime:0.000377s ]
ERR: 非法操作:css

[ 2015-04-03T15:13:21+08:00 ] 127.0.0.1 /shop/Home/index/
INFO: [ app_init ] --START--
INFO: Run Behavior\BuildLiteBehavior [ RunTime:0.000029s ]
INFO: [ app_init ] --END-- [ RunTime:0.000466s ]

[ 2015-04-03T15:13:21+08:00 ] 127.0.0.1 /shop/Home/index/js/jquery.carouFredSel-5.2.2-packed.js
INFO: [ app_init ] --START--
INFO: Run Behavior\BuildLiteBehavior [ RunTime:0.000020s ]
INFO: [ app_init ] --END-- [ RunTime:0.000318s ]
ERR: 非法操作:js

[ 2015-04-03T15:13:21+08:00 ] 127.0.0.1 /shop/Home/index/js/html5.js
INFO: [ app_init ] --START--
INFO: Run Behavior\BuildLiteBehavior [ RunTime:0.000020s ]
INFO: [ app_init ] --END-- [ RunTime:0.000360s ]
ERR: 非法操作:js

[ 2015-04-03T15:13:21+08:00 ] 127.0.0.1 /shop/Home/index/js/jquery-1.7.2.min.js
INFO: [ app_init ] --START--
INFO: Run Behavior\BuildLiteBehavior [ RunTime:0.000021s ]
INFO: [ app_init ] --END-- [ RunTime:0.000582s ]
ERR: 非法操作:js

[ 2015-04-03T15:13:21+08:00 ] 127.0.0.1 /shop/Home/index/shopEL/Home/css/style.css
INFO: [ app_init ] --START--
INFO: Run Behavior\BuildLiteBehavior [ RunTime:0.000020s ]
INFO: [ app_init ] --END-- [ RunTime:0.000327s ]
ERR: 非法操作:shopEL

[ 2015-04-03T15:13:21+08:00 ] 127.0.0.1 /shop/Home/index/css/grid.css
INFO: [ app_init ] --START--
INFO: Run Behavior\BuildLiteBehavior [ RunTime:0.000019s ]
INFO: [ app_init ] --END-- [ RunTime:0.000318s ]
ERR: 非法操作:css

[ 2015-04-03T15:13:21+08:00 ] 127.0.0.1 /shop/Home/index/js/jflow.plus.js
INFO: [ app_init ] --START--
INFO: Run Behavior\BuildLiteBehavior [ RunTime:0.000020s ]
INFO: [ app_init ] --END-- [ RunTime:0.000346s ]
ERR: 非法操作:js

[ 2015-04-03T15:13:30+08:00 ] 127.0.0.1 /shop/Home/index/
INFO: [ app_init ] --START--
INFO: Run Behavior\BuildLiteBehavior [ RunTime:0.000020s ]
INFO: [ app_init ] --END-- [ RunTime:0.000330s ]

[ 2015-04-03T15:13:30+08:00 ] 127.0.0.1 /shop/Home/index/js/jquery-1.7.2.min.js
INFO: [ app_init ] --START--
INFO: Run Behavior\BuildLiteBehavior [ RunTime:0.000020s ]
INFO: [ app_init ] --END-- [ RunTime:0.000328s ]
ERR: 非法操作:js

[ 2015-04-03T15:13:30+08:00 ] 127.0.0.1 /shop/Home/index/js/jflow.plus.js
INFO: [ app_init ] --START--
INFO: Run Behavior\BuildLiteBehavior [ RunTime:0.000020s ]
INFO: [ app_init ] --END-- [ RunTime:0.000319s ]
ERR: 非法操作:js

[ 2015-04-03T15:13:30+08:00 ] 127.0.0.1 /shop/Home/index/js/html5.js
INFO: [ app_init ] --START--
INFO: Run Behavior\BuildLiteBehavior [ RunTime:0.000020s ]
INFO: [ app_init ] --END-- [ RunTime:0.000384s ]
ERR: 非法操作:js

[ 2015-04-03T15:13:30+08:00 ] 127.0.0.1 /shop/Home/index/js/jquery.carouFredSel-5.2.2-packed.js
INFO: [ app_init ] --START--
INFO: Run Behavior\BuildLiteBehavior [ RunTime:0.000022s ]
INFO: [ app_init ] --END-- [ RunTime:0.000354s ]
ERR: 非法操作:js

[ 2015-04-03T15:13:30+08:00 ] 127.0.0.1 /shop/Home/index/css/grid.css
INFO: [ app_init ] --START--
INFO: Run Behavior\BuildLiteBehavior [ RunTime:0.000019s ]
INFO: [ app_init ] --END-- [ RunTime:0.000557s ]
ERR: 非法操作:css

[ 2015-04-03T15:14:06+08:00 ] 127.0.0.1 /shop/Home/index/
INFO: [ app_init ] --START--
INFO: Run Behavior\BuildLiteBehavior [ RunTime:0.000047s ]
INFO: [ app_init ] --END-- [ RunTime:0.000957s ]

[ 2015-04-03T15:15:43+08:00 ] 127.0.0.1 /shop/Home/index/
INFO: [ app_init ] --START--
INFO: Run Behavior\BuildLiteBehavior [ RunTime:0.000026s ]
INFO: [ app_init ] --END-- [ RunTime:0.000429s ]

[ 2015-04-03T15:20:43+08:00 ] 127.0.0.1 /shop/Home/index/
INFO: [ app_init ] --START--
INFO: Run Behavior\BuildLiteBehavior [ RunTime:0.000024s ]
INFO: [ app_init ] --END-- [ RunTime:0.000419s ]

[ 2015-04-03T15:20:43+08:00 ] 127.0.0.1 /shop/Home/index/css/style.css
INFO: [ app_init ] --START--
INFO: Run Behavior\BuildLiteBehavior [ RunTime:0.000024s ]
INFO: [ app_init ] --END-- [ RunTime:0.000344s ]
ERR: 非法操作:css

[ 2015-04-03T15:20:43+08:00 ] 127.0.0.1 /shop/Home/index/js/jquery1.min.js
INFO: [ app_init ] --START--
INFO: Run Behavior\BuildLiteBehavior [ RunTime:0.000022s ]
INFO: [ app_init ] --END-- [ RunTime:0.000664s ]
ERR: 非法操作:js

[ 2015-04-03T15:20:43+08:00 ] 127.0.0.1 /shop/Home/index/js/jquery.easydropdown.js
INFO: [ app_init ] --START--
INFO: Run Behavior\BuildLiteBehavior [ RunTime:0.000018s ]
INFO: [ app_init ] --END-- [ RunTime:0.000371s ]
ERR: 非法操作:js

[ 2015-04-03T15:20:43+08:00 ] 127.0.0.1 /shop/Home/index/css/megamenu.css
INFO: [ app_init ] --START--
INFO: Run Behavior\BuildLiteBehavior [ RunTime:0.000020s ]
INFO: [ app_init ] --END-- [ RunTime:0.000387s ]
ERR: 非法操作:css

[ 2015-04-03T15:20:43+08:00 ] 127.0.0.1 /shop/Home/index/js/megamenu.js
INFO: [ app_init ] --START--
INFO: Run Behavior\BuildLiteBehavior [ RunTime:0.000021s ]
INFO: [ app_init ] --END-- [ RunTime:0.000349s ]
ERR: 非法操作:js

[ 2015-04-03T15:24:38+08:00 ] 127.0.0.1 /shop/Home/index/
INFO: [ app_init ] --START--
INFO: Run Behavior\BuildLiteBehavior [ RunTime:0.000029s ]
INFO: [ app_init ] --END-- [ RunTime:0.000558s ]

[ 2015-04-03T15:24:38+08:00 ] 127.0.0.1 /shop/Home/shopEL/Home/js/jquery-1.7.2.min.js
INFO: [ app_init ] --START--
INFO: Run Behavior\BuildLiteBehavior [ RunTime:0.000030s ]
INFO: [ app_init ] --END-- [ RunTime:0.000383s ]
ERR: 无法加载控制器:ShopEL

[ 2015-04-03T15:24:38+08:00 ] 127.0.0.1 /shop/Home/shopEL/Home/css/megamenu.css
INFO: [ app_init ] --START--
INFO: Run Behavior\BuildLiteBehavior [ RunTime:0.000020s ]
INFO: [ app_init ] --END-- [ RunTime:0.000552s ]
ERR: 无法加载控制器:ShopEL

[ 2015-04-03T15:24:38+08:00 ] 127.0.0.1 /shop/Home/index/css/style.css
INFO: [ app_init ] --START--
INFO: Run Behavior\BuildLiteBehavior [ RunTime:0.000020s ]
INFO: [ app_init ] --END-- [ RunTime:0.000317s ]
ERR: 非法操作:css

[ 2015-04-03T15:24:38+08:00 ] 127.0.0.1 /shop/Home/shopEL/Home/js/megamenu.js
INFO: [ app_init ] --START--
INFO: Run Behavior\BuildLiteBehavior [ RunTime:0.000021s ]
INFO: [ app_init ] --END-- [ RunTime:0.000361s ]
ERR: 无法加载控制器:ShopEL

[ 2015-04-03T15:24:38+08:00 ] 127.0.0.1 /shop/Home/index/js/jquery.easydropdown.js
INFO: [ app_init ] --START--
INFO: Run Behavior\BuildLiteBehavior [ RunTime:0.000019s ]
INFO: [ app_init ] --END-- [ RunTime:0.000370s ]
ERR: 非法操作:js

[ 2015-04-03T15:25:08+08:00 ] 127.0.0.1 /shop/Home/index/
INFO: [ app_init ] --START--
INFO: Run Behavior\BuildLiteBehavior [ RunTime:0.000030s ]
INFO: [ app_init ] --END-- [ RunTime:0.000546s ]

[ 2015-04-03T15:25:08+08:00 ] 127.0.0.1 /shop/Home/shopEL/Home/js/jquery-1.7.2.min.js
INFO: [ app_init ] --START--
INFO: Run Behavior\BuildLiteBehavior [ RunTime:0.000020s ]
INFO: [ app_init ] --END-- [ RunTime:0.000323s ]
ERR: 无法加载控制器:ShopEL

[ 2015-04-03T15:25:08+08:00 ] 127.0.0.1 /shop/Home/shopEL/Home/js/megamenu.js
INFO: [ app_init ] --START--
INFO: Run Behavior\BuildLiteBehavior [ RunTime:0.000020s ]
INFO: [ app_init ] --END-- [ RunTime:0.000331s ]
ERR: 无法加载控制器:ShopEL

[ 2015-04-03T15:25:08+08:00 ] 127.0.0.1 /shop/Home/index/js/jquery.easydropdown.js
INFO: [ app_init ] --START--
INFO: Run Behavior\BuildLiteBehavior [ RunTime:0.000020s ]
INFO: [ app_init ] --END-- [ RunTime:0.000338s ]
ERR: 非法操作:js

[ 2015-04-03T15:25:08+08:00 ] 127.0.0.1 /shop/Home/shopEL/Home/css/megamenu.css
INFO: [ app_init ] --START--
INFO: Run Behavior\BuildLiteBehavior [ RunTime:0.000019s ]
INFO: [ app_init ] --END-- [ RunTime:0.000327s ]
ERR: 无法加载控制器:ShopEL

[ 2015-04-03T15:25:08+08:00 ] 127.0.0.1 /shop/Home/index/css/style.css
INFO: [ app_init ] --START--
INFO: Run Behavior\BuildLiteBehavior [ RunTime:0.000031s ]
INFO: [ app_init ] --END-- [ RunTime:0.000438s ]
ERR: 非法操作:css

[ 2015-04-03T15:25:32+08:00 ] 127.0.0.1 /shop/Home/index/
INFO: [ app_init ] --START--
INFO: Run Behavior\BuildLiteBehavior [ RunTime:0.000022s ]
INFO: [ app_init ] --END-- [ RunTime:0.000438s ]

[ 2015-04-03T15:25:32+08:00 ] 127.0.0.1 /shop/Home/shopEL/Home/css/megamenu.css
INFO: [ app_init ] --START--
INFO: Run Behavior\BuildLiteBehavior [ RunTime:0.000021s ]
INFO: [ app_init ] --END-- [ RunTime:0.000349s ]
ERR: 无法加载控制器:ShopEL

[ 2015-04-03T15:25:32+08:00 ] 127.0.0.1 /shop/Home/index/js/jquery.easydropdown.js
INFO: [ app_init ] --START--
INFO: Run Behavior\BuildLiteBehavior [ RunTime:0.000020s ]
INFO: [ app_init ] --END-- [ RunTime:0.000329s ]
ERR: 非法操作:js

[ 2015-04-03T15:25:32+08:00 ] 127.0.0.1 /shop/Home/shopEL/Home/js/jquery-1.7.2.min.js
INFO: [ app_init ] --START--
INFO: Run Behavior\BuildLiteBehavior [ RunTime:0.000020s ]
INFO: [ app_init ] --END-- [ RunTime:0.000328s ]
ERR: 无法加载控制器:ShopEL

[ 2015-04-03T15:25:32+08:00 ] 127.0.0.1 /shop/Home/index/css/style.css
INFO: [ app_init ] --START--
INFO: Run Behavior\BuildLiteBehavior [ RunTime:0.000020s ]
INFO: [ app_init ] --END-- [ RunTime:0.000331s ]
ERR: 非法操作:css

[ 2015-04-03T15:25:32+08:00 ] 127.0.0.1 /shop/Home/shopEL/Home/js/megamenu.js
INFO: [ app_init ] --START--
INFO: Run Behavior\BuildLiteBehavior [ RunTime:0.000019s ]
INFO: [ app_init ] --END-- [ RunTime:0.000331s ]
ERR: 无法加载控制器:ShopEL

[ 2015-04-03T15:27:19+08:00 ] 127.0.0.1 /shop/Home/index/
INFO: [ app_init ] --START--
INFO: Run Behavior\BuildLiteBehavior [ RunTime:0.000033s ]
INFO: [ app_init ] --END-- [ RunTime:0.000619s ]

[ 2015-04-03T15:27:19+08:00 ] 127.0.0.1 /shop/Home/shopEL/Home/js/jquery-1.7.2.min.js
INFO: [ app_init ] --START--
INFO: Run Behavior\BuildLiteBehavior [ RunTime:0.000020s ]
INFO: [ app_init ] --END-- [ RunTime:0.000352s ]
ERR: 无法加载控制器:ShopEL

[ 2015-04-03T15:27:19+08:00 ] 127.0.0.1 /shop/Home/index/css/style.css
INFO: [ app_init ] --START--
INFO: Run Behavior\BuildLiteBehavior [ RunTime:0.000021s ]
INFO: [ app_init ] --END-- [ RunTime:0.000742s ]
ERR: 非法操作:css

[ 2015-04-03T15:27:19+08:00 ] 127.0.0.1 /shop/Home/index/js/jquery.easydropdown.js
INFO: [ app_init ] --START--
INFO: Run Behavior\BuildLiteBehavior [ RunTime:0.000021s ]
INFO: [ app_init ] --END-- [ RunTime:0.000357s ]
ERR: 非法操作:js

[ 2015-04-03T15:27:19+08:00 ] 127.0.0.1 /shop/Home/shopEL/Home/js/megamenu.js
INFO: [ app_init ] --START--
INFO: Run Behavior\BuildLiteBehavior [ RunTime:0.000019s ]
INFO: [ app_init ] --END-- [ RunTime:0.000349s ]
ERR: 无法加载控制器:ShopEL

[ 2015-04-03T15:27:19+08:00 ] 127.0.0.1 /shop/Home/shopEL/Home/css/megamenu.css
INFO: [ app_init ] --START--
INFO: Run Behavior\BuildLiteBehavior [ RunTime:0.000020s ]
INFO: [ app_init ] --END-- [ RunTime:0.000347s ]
ERR: 无法加载控制器:ShopEL

[ 2015-04-03T15:33:44+08:00 ] 127.0.0.1 /shop/Home/index/
INFO: [ app_init ] --START--
INFO: Run Behavior\BuildLiteBehavior [ RunTime:0.000037s ]
INFO: [ app_init ] --END-- [ RunTime:0.000751s ]

[ 2015-04-03T15:33:45+08:00 ] 127.0.0.1 /shop/Home/shopEL/Home/js/jquery-1.7.2.min.js
INFO: [ app_init ] --START--
INFO: Run Behavior\BuildLiteBehavior [ RunTime:0.000021s ]
INFO: [ app_init ] --END-- [ RunTime:0.000346s ]
ERR: 无法加载控制器:ShopEL

[ 2015-04-03T15:33:45+08:00 ] 127.0.0.1 /shop/Home/shopEL/Home/css/megamenu.css
INFO: [ app_init ] --START--
INFO: Run Behavior\BuildLiteBehavior [ RunTime:0.000018s ]
INFO: [ app_init ] --END-- [ RunTime:0.000336s ]
ERR: 无法加载控制器:ShopEL

[ 2015-04-03T15:33:45+08:00 ] 127.0.0.1 /shop/Home/index/css/style.css
INFO: [ app_init ] --START--
INFO: Run Behavior\BuildLiteBehavior [ RunTime:0.000021s ]
INFO: [ app_init ] --END-- [ RunTime:0.000329s ]
ERR: 非法操作:css

[ 2015-04-03T15:33:45+08:00 ] 127.0.0.1 /shop/Home/index/js/jquery.easydropdown.js
INFO: [ app_init ] --START--
INFO: Run Behavior\BuildLiteBehavior [ RunTime:0.000022s ]
INFO: [ app_init ] --END-- [ RunTime:0.000465s ]
ERR: 非法操作:js

[ 2015-04-03T15:33:45+08:00 ] 127.0.0.1 /shop/Home/shopEL/Home/js/megamenu.js
INFO: [ app_init ] --START--
INFO: Run Behavior\BuildLiteBehavior [ RunTime:0.000030s ]
INFO: [ app_init ] --END-- [ RunTime:0.000420s ]
ERR: 无法加载控制器:ShopEL

[ 2015-04-03T15:37:14+08:00 ] 127.0.0.1 /shop/Home/index/
INFO: [ app_init ] --START--
INFO: Run Behavior\BuildLiteBehavior [ RunTime:0.000022s ]
INFO: [ app_init ] --END-- [ RunTime:0.000509s ]

[ 2015-04-03T15:37:14+08:00 ] 127.0.0.1 /shop/Home/shopEL/Home/js/jquery-1.7.2.min.js
INFO: [ app_init ] --START--
INFO: Run Behavior\BuildLiteBehavior [ RunTime:0.000020s ]
INFO: [ app_init ] --END-- [ RunTime:0.000380s ]
ERR: 无法加载控制器:ShopEL

[ 2015-04-03T15:37:14+08:00 ] 127.0.0.1 /shop/Home/shopEL/Home/js/megamenu.js
INFO: [ app_init ] --START--
INFO: Run Behavior\BuildLiteBehavior [ RunTime:0.000020s ]
INFO: [ app_init ] --END-- [ RunTime:0.000354s ]
ERR: 无法加载控制器:ShopEL

[ 2015-04-03T15:37:14+08:00 ] 127.0.0.1 /shop/Home/shopEL/Home/css/megamenu.css
INFO: [ app_init ] --START--
INFO: Run Behavior\BuildLiteBehavior [ RunTime:0.000023s ]
INFO: [ app_init ] --END-- [ RunTime:0.000401s ]
ERR: 无法加载控制器:ShopEL

[ 2015-04-03T15:37:14+08:00 ] 127.0.0.1 /shop/Home/index/js/jquery.easydropdown.js
INFO: [ app_init ] --START--
INFO: Run Behavior\BuildLiteBehavior [ RunTime:0.000020s ]
INFO: [ app_init ] --END-- [ RunTime:0.000380s ]
ERR: 非法操作:js

[ 2015-04-03T15:37:14+08:00 ] 127.0.0.1 /shop/Home/shopEL/Home/css/style.css
INFO: [ app_init ] --START--
INFO: Run Behavior\BuildLiteBehavior [ RunTime:0.000021s ]
INFO: [ app_init ] --END-- [ RunTime:0.000430s ]
ERR: 无法加载控制器:ShopEL

[ 2015-04-03T15:37:46+08:00 ] 127.0.0.1 /shop/Home/index/
INFO: [ app_init ] --START--
INFO: Run Behavior\BuildLiteBehavior [ RunTime:0.000019s ]
INFO: [ app_init ] --END-- [ RunTime:0.000316s ]

[ 2015-04-03T15:37:46+08:00 ] 127.0.0.1 /shop/Home/index/js/jquery.easydropdown.js
INFO: [ app_init ] --START--
INFO: Run Behavior\BuildLiteBehavior [ RunTime:0.000021s ]
INFO: [ app_init ] --END-- [ RunTime:0.000349s ]
ERR: 非法操作:js

[ 2015-04-03T15:37:46+08:00 ] 127.0.0.1 /shop/Home/shopEL/Home/css/megamenu.css
INFO: [ app_init ] --START--
INFO: Run Behavior\BuildLiteBehavior [ RunTime:0.000022s ]
INFO: [ app_init ] --END-- [ RunTime:0.000318s ]
ERR: 无法加载控制器:ShopEL

[ 2015-04-03T15:38:56+08:00 ] 127.0.0.1 /shop/Home/index/
INFO: [ app_init ] --START--
INFO: Run Behavior\BuildLiteBehavior [ RunTime:0.000030s ]
INFO: [ app_init ] --END-- [ RunTime:0.000556s ]
ERR: 模板不存在:./shopEL/Home/View/./register.html

[ 2015-04-03T15:43:59+08:00 ] 127.0.0.1 /shop/Home/index/
INFO: [ app_init ] --START--
INFO: Run Behavior\BuildLiteBehavior [ RunTime:0.000029s ]
INFO: [ app_init ] --END-- [ RunTime:0.000635s ]

[ 2015-04-03T15:45:13+08:00 ] 127.0.0.1 /shop/Home/index/
INFO: [ app_init ] --START--
INFO: Run Behavior\BuildLiteBehavior [ RunTime:0.000020s ]
INFO: [ app_init ] --END-- [ RunTime:0.000331s ]

[ 2015-04-03T15:45:53+08:00 ] 127.0.0.1 /shop/Home/index/
INFO: [ app_init ] --START--
INFO: Run Behavior\BuildLiteBehavior [ RunTime:0.000044s ]
INFO: [ app_init ] --END-- [ RunTime:0.000785s ]

[ 2015-04-03T15:47:19+08:00 ] 127.0.0.1 /shop/Home/index/
INFO: [ app_init ] --START--
INFO: Run Behavior\BuildLiteBehavior [ RunTime:0.000048s ]
INFO: [ app_init ] --END-- [ RunTime:0.000971s ]

[ 2015-04-03T15:48:17+08:00 ] 127.0.0.1 /shop/Home/index/
INFO: [ app_init ] --START--
INFO: Run Behavior\BuildLiteBehavior [ RunTime:0.000020s ]
INFO: [ app_init ] --END-- [ RunTime:0.000385s ]

[ 2015-04-03T15:48:28+08:00 ] 127.0.0.1 /shop/Home/index/
INFO: [ app_init ] --START--
INFO: Run Behavior\BuildLiteBehavior [ RunTime:0.000027s ]
INFO: [ app_init ] --END-- [ RunTime:0.000488s ]

[ 2015-04-03T15:49:02+08:00 ] 127.0.0.1 /shop/Home/index/
INFO: [ app_init ] --START--
INFO: Run Behavior\BuildLiteBehavior [ RunTime:0.000019s ]
INFO: [ app_init ] --END-- [ RunTime:0.000339s ]

[ 2015-04-03T15:49:31+08:00 ] 127.0.0.1 /shop/Home/index/
INFO: [ app_init ] --START--
INFO: Run Behavior\BuildLiteBehavior [ RunTime:0.000019s ]
INFO: [ app_init ] --END-- [ RunTime:0.000398s ]

[ 2015-04-03T15:49:54+08:00 ] 127.0.0.1 /shop/Home/index/
INFO: [ app_init ] --START--
INFO: Run Behavior\BuildLiteBehavior [ RunTime:0.000019s ]
INFO: [ app_init ] --END-- [ RunTime:0.000305s ]

[ 2015-04-03T15:50:43+08:00 ] 127.0.0.1 /shop/Home/index/
INFO: [ app_init ] --START--
INFO: Run Behavior\BuildLiteBehavior [ RunTime:0.000042s ]
INFO: [ app_init ] --END-- [ RunTime:0.000706s ]

[ 2015-04-03T15:50:44+08:00 ] 127.0.0.1 /shop/Home/index/
INFO: [ app_init ] --START--
INFO: Run Behavior\BuildLiteBehavior [ RunTime:0.000038s ]
INFO: [ app_init ] --END-- [ RunTime:0.000703s ]

[ 2015-04-03T15:50:55+08:00 ] 127.0.0.1 /shop/Home/index/
INFO: [ app_init ] --START--
INFO: Run Behavior\BuildLiteBehavior [ RunTime:0.000020s ]
INFO: [ app_init ] --END-- [ RunTime:0.000395s ]

[ 2015-04-03T15:53:07+08:00 ] 127.0.0.1 /shop/Home/index/
INFO: [ app_init ] --START--
INFO: Run Behavior\BuildLiteBehavior [ RunTime:0.000047s ]
INFO: [ app_init ] --END-- [ RunTime:0.000877s ]

[ 2015-04-03T15:53:17+08:00 ] 127.0.0.1 /shop/Home/index/
INFO: [ app_init ] --START--
INFO: Run Behavior\BuildLiteBehavior [ RunTime:0.000028s ]
INFO: [ app_init ] --END-- [ RunTime:0.000470s ]

[ 2015-04-03T15:55:52+08:00 ] 127.0.0.1 /shop/Home/index/
INFO: [ app_init ] --START--
INFO: Run Behavior\BuildLiteBehavior [ RunTime:0.000037s ]
INFO: [ app_init ] --END-- [ RunTime:0.000649s ]

[ 2015-04-03T15:56:40+08:00 ] 127.0.0.1 /shop/Home/index/
INFO: [ app_init ] --START--
INFO: Run Behavior\BuildLiteBehavior [ RunTime:0.000030s ]
INFO: [ app_init ] --END-- [ RunTime:0.000547s ]

[ 2015-04-03T16:12:55+08:00 ] 127.0.0.1 /shop/Home/index/
INFO: [ app_init ] --START--
INFO: Run Behavior\BuildLiteBehavior [ RunTime:0.000063s ]
INFO: [ app_init ] --END-- [ RunTime:0.001014s ]

[ 2015-04-03T16:18:58+08:00 ] 127.0.0.1 /shop/Home/index/register
INFO: [ app_init ] --START--
INFO: Run Behavior\BuildLiteBehavior [ RunTime:0.000032s ]
INFO: [ app_init ] --END-- [ RunTime:0.000593s ]

[ 2015-04-03T16:30:58+08:00 ] 127.0.0.1 /shop/Home/index/
INFO: [ app_init ] --START--
INFO: Run Behavior\BuildLiteBehavior [ RunTime:0.000021s ]
INFO: [ app_init ] --END-- [ RunTime:0.000442s ]

[ 2015-04-03T16:31:28+08:00 ] 127.0.0.1 /shop/Home/index/
INFO: [ app_init ] --START--
INFO: Run Behavior\BuildLiteBehavior [ RunTime:0.000019s ]
INFO: [ app_init ] --END-- [ RunTime:0.000344s ]

[ 2015-04-03T16:31:51+08:00 ] 127.0.0.1 /shop/Home/index/
INFO: [ app_init ] --START--
INFO: Run Behavior\BuildLiteBehavior [ RunTime:0.000036s ]
INFO: [ app_init ] --END-- [ RunTime:0.000846s ]

[ 2015-04-03T16:39:12+08:00 ] 127.0.0.1 /shop/Home/index/
INFO: [ app_init ] --START--
INFO: Run Behavior\BuildLiteBehavior [ RunTime:0.000021s ]
INFO: [ app_init ] --END-- [ RunTime:0.000446s ]
ERR: XML标签语法错误

[ 2015-04-03T16:44:52+08:00 ] 127.0.0.1 /shop/Home/index/
INFO: [ app_init ] --START--
INFO: Run Behavior\BuildLiteBehavior [ RunTime:0.000029s ]
INFO: [ app_init ] --END-- [ RunTime:0.000504s ]
ERR: XML标签语法错误

[ 2015-04-03T16:47:53+08:00 ] 127.0.0.1 /shop/Home/index/
INFO: [ app_init ] --START--
INFO: Run Behavior\BuildLiteBehavior [ RunTime:0.000032s ]
INFO: [ app_init ] --END-- [ RunTime:0.000598s ]
ERR: XML标签语法错误

[ 2015-04-03T16:47:54+08:00 ] 127.0.0.1 /shop/Home/index/
INFO: [ app_init ] --START--
INFO: Run Behavior\BuildLiteBehavior [ RunTime:0.000036s ]
INFO: [ app_init ] --END-- [ RunTime:0.000629s ]
ERR: XML标签语法错误

[ 2015-04-03T16:48:19+08:00 ] 127.0.0.1 /shop/Home/index/
INFO: [ app_init ] --START--
INFO: Run Behavior\BuildLiteBehavior [ RunTime:0.000029s ]
INFO: [ app_init ] --END-- [ RunTime:0.000526s ]

[ 2015-04-03T16:51:40+08:00 ] 127.0.0.1 /shop/Home/index/
INFO: [ app_init ] --START--
INFO: Run Behavior\BuildLiteBehavior [ RunTime:0.000029s ]
INFO: [ app_init ] --END-- [ RunTime:0.000597s ]

[ 2015-04-03T16:55:24+08:00 ] 127.0.0.1 /shop/Home/index/
INFO: [ app_init ] --START--
INFO: Run Behavior\BuildLiteBehavior [ RunTime:0.000030s ]
INFO: [ app_init ] --END-- [ RunTime:0.000524s ]

[ 2015-04-03T16:56:50+08:00 ] 127.0.0.1 /shop/Home/index/
INFO: [ app_init ] --START--
INFO: Run Behavior\BuildLiteBehavior [ RunTime:0.000026s ]
INFO: [ app_init ] --END-- [ RunTime:0.000518s ]

[ 2015-04-03T17:01:22+08:00 ] 127.0.0.1 /shop/Home/index/
INFO: [ app_init ] --START--
INFO: Run Behavior\BuildLiteBehavior [ RunTime:0.000030s ]
INFO: [ app_init ] --END-- [ RunTime:0.000563s ]

[ 2015-04-03T17:01:56+08:00 ] 127.0.0.1 /shop/Home/index/register
INFO: [ app_init ] --START--
INFO: Run Behavior\BuildLiteBehavior [ RunTime:0.000037s ]
INFO: [ app_init ] --END-- [ RunTime:0.000843s ]

[ 2015-04-03T17:16:33+08:00 ] 127.0.0.1 /shop/Home/index/register
INFO: [ app_init ] --START--
INFO: Run Behavior\BuildLiteBehavior [ RunTime:0.000023s ]
INFO: [ app_init ] --END-- [ RunTime:0.000398s ]

[ 2015-04-03T17:17:27+08:00 ] 127.0.0.1 /shop/Home/index/register
INFO: [ app_init ] --START--
INFO: Run Behavior\BuildLiteBehavior [ RunTime:0.000033s ]
INFO: [ app_init ] --END-- [ RunTime:0.000615s ]

[ 2015-04-03T17:19:09+08:00 ] 127.0.0.1 /shop/Home/index/register
INFO: [ app_init ] --START--
INFO: Run Behavior\BuildLiteBehavior [ RunTime:0.000023s ]
INFO: [ app_init ] --END-- [ RunTime:0.000393s ]

[ 2015-04-03T17:19:15+08:00 ] 127.0.0.1 /shop/Home/index/register
INFO: [ app_init ] --START--
INFO: Run Behavior\BuildLiteBehavior [ RunTime:0.000032s ]
INFO: [ app_init ] --END-- [ RunTime:0.000608s ]

[ 2015-04-03T17:19:17+08:00 ] 127.0.0.1 /shop/Home/index/register
INFO: [ app_init ] --START--
INFO: Run Behavior\BuildLiteBehavior [ RunTime:0.000032s ]
INFO: [ app_init ] --END-- [ RunTime:0.000564s ]

