[ 2015-04-08T09:56:43+08:00 ] 127.0.0.1 /shop/Home/index/
INFO: [ app_init ] --START--
INFO: Run Behavior\BuildLiteBehavior [ RunTime:0.000020s ]
INFO: [ app_init ] --END-- [ RunTime:0.000418s ]

[ 2015-04-08T10:07:36+08:00 ] 127.0.0.1 /shop/Home/index/
INFO: [ app_init ] --START--
INFO: Run Behavior\BuildLiteBehavior [ RunTime:0.000014s ]
INFO: [ app_init ] --END-- [ RunTime:0.000744s ]

[ 2015-04-08T10:09:26+08:00 ] 127.0.0.1 /shop/Home/index/login
INFO: [ app_init ] --START--
INFO: Run Behavior\BuildLiteBehavior [ RunTime:0.000012s ]
INFO: [ app_init ] --END-- [ RunTime:0.001252s ]

[ 2015-04-08T10:09:32+08:00 ] 127.0.0.1 /shop/Home/index/register
INFO: [ app_init ] --START--
INFO: Run Behavior\BuildLiteBehavior [ RunTime:0.000012s ]
INFO: [ app_init ] --END-- [ RunTime:0.001176s ]

[ 2015-04-08T10:09:32+08:00 ] 127.0.0.1 /shop/index.php/Home/index/verify_c.html
INFO: [ app_init ] --START--
INFO: Run Behavior\BuildLiteBehavior [ RunTime:0.000022s ]
INFO: [ app_init ] --END-- [ RunTime:0.005008s ]

[ 2015-04-08T10:09:36+08:00 ] 127.0.0.1 /shop/Home/index/login
INFO: [ app_init ] --START--
INFO: Run Behavior\BuildLiteBehavior [ RunTime:0.000013s ]
INFO: [ app_init ] --END-- [ RunTime:0.000539s ]

[ 2015-04-08T10:10:03+08:00 ] 127.0.0.1 /shop/Home/index/register
INFO: [ app_init ] --START--
INFO: Run Behavior\BuildLiteBehavior [ RunTime:0.000013s ]
INFO: [ app_init ] --END-- [ RunTime:0.001690s ]

[ 2015-04-08T10:10:03+08:00 ] 127.0.0.1 /shop/index.php/Home/index/verify_c.html
INFO: [ app_init ] --START--
INFO: Run Behavior\BuildLiteBehavior [ RunTime:0.000011s ]
INFO: [ app_init ] --END-- [ RunTime:0.000650s ]

[ 2015-04-08T10:12:10+08:00 ] 127.0.0.1 /shop/Home/index/login
INFO: [ app_init ] --START--
INFO: Run Behavior\BuildLiteBehavior [ RunTime:0.000046s ]
INFO: [ app_init ] --END-- [ RunTime:0.000943s ]

[ 2015-04-08T10:12:10+08:00 ] 127.0.0.1 /shop/Home/index/
INFO: [ app_init ] --START--
INFO: Run Behavior\BuildLiteBehavior [ RunTime:0.000011s ]
INFO: [ app_init ] --END-- [ RunTime:0.000273s ]

[ 2015-04-08T10:12:36+08:00 ] 127.0.0.1 /shop/Home/index/logout
INFO: [ app_init ] --START--
INFO: Run Behavior\BuildLiteBehavior [ RunTime:0.000012s ]
INFO: [ app_init ] --END-- [ RunTime:0.000579s ]

[ 2015-04-08T10:12:36+08:00 ] 127.0.0.1 /shop/Home/index/Login
INFO: [ app_init ] --START--
INFO: Run Behavior\BuildLiteBehavior [ RunTime:0.000012s ]
INFO: [ app_init ] --END-- [ RunTime:0.000570s ]

[ 2015-04-08T10:12:39+08:00 ] 127.0.0.1 /shop/Home/index/login
INFO: [ app_init ] --START--
INFO: Run Behavior\BuildLiteBehavior [ RunTime:0.000012s ]
INFO: [ app_init ] --END-- [ RunTime:0.000677s ]

[ 2015-04-08T10:12:39+08:00 ] 127.0.0.1 /shop/Home/index/
INFO: [ app_init ] --START--
INFO: Run Behavior\BuildLiteBehavior [ RunTime:0.000011s ]
INFO: [ app_init ] --END-- [ RunTime:0.000576s ]

[ 2015-04-08T10:12:42+08:00 ] 127.0.0.1 /shop/Home/index/login
INFO: [ app_init ] --START--
INFO: Run Behavior\BuildLiteBehavior [ RunTime:0.000011s ]
INFO: [ app_init ] --END-- [ RunTime:0.000474s ]

[ 2015-04-08T10:34:23+08:00 ] 127.0.0.1 /shop/Home/index/login
INFO: [ app_init ] --START--
INFO: Run Behavior\BuildLiteBehavior [ RunTime:0.000012s ]
INFO: [ app_init ] --END-- [ RunTime:0.000606s ]

[ 2015-04-08T10:34:36+08:00 ] 127.0.0.1 /shop/Home/index/login
INFO: [ app_init ] --START--
INFO: Run Behavior\BuildLiteBehavior [ RunTime:0.000012s ]
INFO: [ app_init ] --END-- [ RunTime:0.000713s ]

[ 2015-04-08T10:34:36+08:00 ] 127.0.0.1 /shop/Home/index/
INFO: [ app_init ] --START--
INFO: Run Behavior\BuildLiteBehavior [ RunTime:0.000011s ]
INFO: [ app_init ] --END-- [ RunTime:0.000593s ]

[ 2015-04-08T11:27:42+08:00 ] 127.0.0.1 /shop/Home/index/
INFO: [ app_init ] --START--
INFO: Run Behavior\BuildLiteBehavior [ RunTime:0.000016s ]
INFO: [ app_init ] --END-- [ RunTime:0.001880s ]

[ 2015-04-08T11:28:27+08:00 ] 127.0.0.1 /shop/Home/index/
INFO: [ app_init ] --START--
INFO: Run Behavior\BuildLiteBehavior [ RunTime:0.000015s ]
INFO: [ app_init ] --END-- [ RunTime:0.004490s ]

[ 2015-04-08T11:28:31+08:00 ] 127.0.0.1 /shop/Home/index
INFO: [ app_init ] --START--
INFO: Run Behavior\BuildLiteBehavior [ RunTime:0.000013s ]
INFO: [ app_init ] --END-- [ RunTime:0.000483s ]

[ 2015-04-08T11:28:51+08:00 ] 127.0.0.1 /shop/Home/index/
INFO: [ app_init ] --START--
INFO: Run Behavior\BuildLiteBehavior [ RunTime:0.000013s ]
INFO: [ app_init ] --END-- [ RunTime:0.000548s ]

[ 2015-04-08T11:29:25+08:00 ] 127.0.0.1 /shop/Home/index/
INFO: [ app_init ] --START--
INFO: Run Behavior\BuildLiteBehavior [ RunTime:0.000028s ]
INFO: [ app_init ] --END-- [ RunTime:0.001395s ]

[ 2015-04-08T11:29:26+08:00 ] 127.0.0.1 /shop/Home/index/
INFO: [ app_init ] --START--
INFO: Run Behavior\BuildLiteBehavior [ RunTime:0.000014s ]
INFO: [ app_init ] --END-- [ RunTime:0.001357s ]

[ 2015-04-08T11:30:42+08:00 ] 127.0.0.1 /shop/Home/index/
INFO: [ app_init ] --START--
INFO: Run Behavior\BuildLiteBehavior [ RunTime:0.000013s ]
INFO: [ app_init ] --END-- [ RunTime:0.001601s ]

[ 2015-04-08T11:48:59+08:00 ] 127.0.0.1 /shop/Home/index/
INFO: [ app_init ] --START--
INFO: Run Behavior\BuildLiteBehavior [ RunTime:0.000012s ]
INFO: [ app_init ] --END-- [ RunTime:0.000558s ]

[ 2015-04-08T11:49:20+08:00 ] 127.0.0.1 /shop/Home/index/
INFO: [ app_init ] --START--
INFO: Run Behavior\BuildLiteBehavior [ RunTime:0.000013s ]
INFO: [ app_init ] --END-- [ RunTime:0.000588s ]

[ 2015-04-08T11:51:39+08:00 ] 127.0.0.1 /shop/Home/index/
INFO: [ app_init ] --START--
INFO: Run Behavior\BuildLiteBehavior [ RunTime:0.000012s ]
INFO: [ app_init ] --END-- [ RunTime:0.001103s ]

[ 2015-04-08T11:51:44+08:00 ] 127.0.0.1 /shop/Home/index/login
INFO: [ app_init ] --START--
INFO: Run Behavior\BuildLiteBehavior [ RunTime:0.000012s ]
INFO: [ app_init ] --END-- [ RunTime:0.005181s ]

[ 2015-04-08T11:52:50+08:00 ] 127.0.0.1 /shop/Home/index/login
INFO: [ app_init ] --START--
INFO: Run Behavior\BuildLiteBehavior [ RunTime:0.000014s ]
INFO: [ app_init ] --END-- [ RunTime:0.001288s ]

[ 2015-04-08T11:52:55+08:00 ] 127.0.0.1 /shop/Home/index/
INFO: [ app_init ] --START--
INFO: Run Behavior\BuildLiteBehavior [ RunTime:0.000013s ]
INFO: [ app_init ] --END-- [ RunTime:0.001268s ]

[ 2015-04-08T12:57:25+08:00 ] 127.0.0.1 /shop/Home/index/
INFO: [ app_init ] --START--
INFO: Run Behavior\BuildLiteBehavior [ RunTime:0.000012s ]
INFO: [ app_init ] --END-- [ RunTime:0.000807s ]

[ 2015-04-08T12:58:06+08:00 ] 127.0.0.1 /shop/Home/index/
INFO: [ app_init ] --START--
INFO: Run Behavior\BuildLiteBehavior [ RunTime:0.000014s ]
INFO: [ app_init ] --END-- [ RunTime:0.008107s ]

[ 2015-04-08T12:59:07+08:00 ] 127.0.0.1 /shop/Home/index/
INFO: [ app_init ] --START--
INFO: Run Behavior\BuildLiteBehavior [ RunTime:0.000012s ]
INFO: [ app_init ] --END-- [ RunTime:0.000913s ]

[ 2015-04-08T12:59:11+08:00 ] 127.0.0.1 /shop/Home/index/upload
INFO: [ app_init ] --START--
INFO: Run Behavior\BuildLiteBehavior [ RunTime:0.000035s ]
INFO: [ app_init ] --END-- [ RunTime:0.000652s ]

[ 2015-04-08T13:00:07+08:00 ] 127.0.0.1 /shop/Home/index/
INFO: [ app_init ] --START--
INFO: Run Behavior\BuildLiteBehavior [ RunTime:0.000012s ]
INFO: [ app_init ] --END-- [ RunTime:0.000980s ]

[ 2015-04-08T13:00:10+08:00 ] 127.0.0.1 /shop/Home/index/upload
INFO: [ app_init ] --START--
INFO: Run Behavior\BuildLiteBehavior [ RunTime:0.000013s ]
INFO: [ app_init ] --END-- [ RunTime:0.000597s ]

[ 2015-04-08T13:00:28+08:00 ] 127.0.0.1 /shop/Home/index/
INFO: [ app_init ] --START--
INFO: Run Behavior\BuildLiteBehavior [ RunTime:0.000012s ]
INFO: [ app_init ] --END-- [ RunTime:0.000316s ]

[ 2015-04-08T13:00:31+08:00 ] 127.0.0.1 /shop/Home/index/upload
INFO: [ app_init ] --START--
INFO: Run Behavior\BuildLiteBehavior [ RunTime:0.000011s ]
INFO: [ app_init ] --END-- [ RunTime:0.000233s ]

[ 2015-04-08T13:01:02+08:00 ] 127.0.0.1 /shop/Home/index/
INFO: [ app_init ] --START--
INFO: Run Behavior\BuildLiteBehavior [ RunTime:0.000012s ]
INFO: [ app_init ] --END-- [ RunTime:0.000286s ]

[ 2015-04-08T13:01:03+08:00 ] 127.0.0.1 /shop/Home/index/upload
INFO: [ app_init ] --START--
INFO: Run Behavior\BuildLiteBehavior [ RunTime:0.000011s ]
INFO: [ app_init ] --END-- [ RunTime:0.000212s ]

[ 2015-04-08T13:01:15+08:00 ] 127.0.0.1 /shop/Home/index/
INFO: [ app_init ] --START--
INFO: Run Behavior\BuildLiteBehavior [ RunTime:0.000012s ]
INFO: [ app_init ] --END-- [ RunTime:0.000244s ]

[ 2015-04-08T13:01:16+08:00 ] 127.0.0.1 /shop/Home/index/upload
INFO: [ app_init ] --START--
INFO: Run Behavior\BuildLiteBehavior [ RunTime:0.000012s ]
INFO: [ app_init ] --END-- [ RunTime:0.000253s ]

[ 2015-04-08T13:02:19+08:00 ] 127.0.0.1 /shop/Home/index/
INFO: [ app_init ] --START--
INFO: Run Behavior\BuildLiteBehavior [ RunTime:0.000013s ]
INFO: [ app_init ] --END-- [ RunTime:0.000366s ]

[ 2015-04-08T13:02:20+08:00 ] 127.0.0.1 /shop/Home/index/upload
INFO: [ app_init ] --START--
INFO: Run Behavior\BuildLiteBehavior [ RunTime:0.000012s ]
INFO: [ app_init ] --END-- [ RunTime:0.000255s ]

[ 2015-04-08T13:02:39+08:00 ] 127.0.0.1 /shop/Home/index/
INFO: [ app_init ] --START--
INFO: Run Behavior\BuildLiteBehavior [ RunTime:0.000012s ]
INFO: [ app_init ] --END-- [ RunTime:0.000249s ]

[ 2015-04-08T13:02:39+08:00 ] 127.0.0.1 /shop/Home/index/upload
INFO: [ app_init ] --START--
INFO: Run Behavior\BuildLiteBehavior [ RunTime:0.000011s ]
INFO: [ app_init ] --END-- [ RunTime:0.000207s ]

[ 2015-04-08T13:03:33+08:00 ] 127.0.0.1 /shop/Home/index/
INFO: [ app_init ] --START--
INFO: Run Behavior\BuildLiteBehavior [ RunTime:0.000013s ]
INFO: [ app_init ] --END-- [ RunTime:0.000576s ]

[ 2015-04-08T13:03:34+08:00 ] 127.0.0.1 /shop/Home/index/upload
INFO: [ app_init ] --START--
INFO: Run Behavior\BuildLiteBehavior [ RunTime:0.000013s ]
INFO: [ app_init ] --END-- [ RunTime:0.000687s ]

[ 2015-04-08T13:03:47+08:00 ] 127.0.0.1 /shop/Home/index/
INFO: [ app_init ] --START--
INFO: Run Behavior\BuildLiteBehavior [ RunTime:0.000012s ]
INFO: [ app_init ] --END-- [ RunTime:0.000243s ]

[ 2015-04-08T13:03:48+08:00 ] 127.0.0.1 /shop/Home/index/upload
INFO: [ app_init ] --START--
INFO: Run Behavior\BuildLiteBehavior [ RunTime:0.000012s ]
INFO: [ app_init ] --END-- [ RunTime:0.000241s ]

[ 2015-04-08T13:03:59+08:00 ] 127.0.0.1 /shop/Home/index/
INFO: [ app_init ] --START--
INFO: Run Behavior\BuildLiteBehavior [ RunTime:0.000012s ]
INFO: [ app_init ] --END-- [ RunTime:0.000255s ]

[ 2015-04-08T13:04:00+08:00 ] 127.0.0.1 /shop/Home/index/upload
INFO: [ app_init ] --START--
INFO: Run Behavior\BuildLiteBehavior [ RunTime:0.000021s ]
INFO: [ app_init ] --END-- [ RunTime:0.000259s ]

[ 2015-04-08T13:04:25+08:00 ] 127.0.0.1 /shop/Home/index/
INFO: [ app_init ] --START--
INFO: Run Behavior\BuildLiteBehavior [ RunTime:0.000013s ]
INFO: [ app_init ] --END-- [ RunTime:0.002042s ]

[ 2015-04-08T13:04:26+08:00 ] 127.0.0.1 /shop/Home/index/upload
INFO: [ app_init ] --START--
INFO: Run Behavior\BuildLiteBehavior [ RunTime:0.000024s ]
INFO: [ app_init ] --END-- [ RunTime:0.005662s ]

[ 2015-04-08T13:05:03+08:00 ] 127.0.0.1 /shop/Home/index/
INFO: [ app_init ] --START--
INFO: Run Behavior\BuildLiteBehavior [ RunTime:0.000014s ]
INFO: [ app_init ] --END-- [ RunTime:0.000619s ]

[ 2015-04-08T13:05:04+08:00 ] 127.0.0.1 /shop/Home/index/upload
INFO: [ app_init ] --START--
INFO: Run Behavior\BuildLiteBehavior [ RunTime:0.000015s ]
INFO: [ app_init ] --END-- [ RunTime:0.012967s ]

[ 2015-04-08T13:05:17+08:00 ] 127.0.0.1 /shop/Home/index/
INFO: [ app_init ] --START--
INFO: Run Behavior\BuildLiteBehavior [ RunTime:0.000012s ]
INFO: [ app_init ] --END-- [ RunTime:0.000237s ]

[ 2015-04-08T13:05:18+08:00 ] 127.0.0.1 /shop/Home/index/upload
INFO: [ app_init ] --START--
INFO: Run Behavior\BuildLiteBehavior [ RunTime:0.000012s ]
INFO: [ app_init ] --END-- [ RunTime:0.000221s ]

[ 2015-04-08T13:05:54+08:00 ] 127.0.0.1 /shop/Home/index/
INFO: [ app_init ] --START--
INFO: Run Behavior\BuildLiteBehavior [ RunTime:0.000021s ]
INFO: [ app_init ] --END-- [ RunTime:0.000352s ]

[ 2015-04-08T13:05:59+08:00 ] 127.0.0.1 /shop/Home/index/upload
INFO: [ app_init ] --START--
INFO: Run Behavior\BuildLiteBehavior [ RunTime:0.000012s ]
INFO: [ app_init ] --END-- [ RunTime:0.000213s ]

[ 2015-04-08T13:08:44+08:00 ] 127.0.0.1 /shop/Home/index/upload
INFO: [ app_init ] --START--
INFO: Run Behavior\BuildLiteBehavior [ RunTime:0.000012s ]
INFO: [ app_init ] --END-- [ RunTime:0.000269s ]

[ 2015-04-08T13:11:21+08:00 ] 127.0.0.1 /shop/Home/index/
INFO: [ app_init ] --START--
INFO: Run Behavior\BuildLiteBehavior [ RunTime:0.000012s ]
INFO: [ app_init ] --END-- [ RunTime:0.000374s ]

[ 2015-04-08T13:11:25+08:00 ] 127.0.0.1 /shop/Home/index/upload
INFO: [ app_init ] --START--
INFO: Run Behavior\BuildLiteBehavior [ RunTime:0.000013s ]
INFO: [ app_init ] --END-- [ RunTime:0.000284s ]

[ 2015-04-08T13:13:06+08:00 ] 127.0.0.1 /shop/Home/index/
INFO: [ app_init ] --START--
INFO: Run Behavior\BuildLiteBehavior [ RunTime:0.000019s ]
INFO: [ app_init ] --END-- [ RunTime:0.006357s ]

[ 2015-04-08T13:13:07+08:00 ] 127.0.0.1 /shop/Home/index/upload
INFO: [ app_init ] --START--
INFO: Run Behavior\BuildLiteBehavior [ RunTime:0.000013s ]
INFO: [ app_init ] --END-- [ RunTime:0.000261s ]

[ 2015-04-08T13:14:00+08:00 ] 127.0.0.1 /shop/Home/index/
INFO: [ app_init ] --START--
INFO: Run Behavior\BuildLiteBehavior [ RunTime:0.000013s ]
INFO: [ app_init ] --END-- [ RunTime:0.000634s ]

[ 2015-04-08T13:14:01+08:00 ] 127.0.0.1 /shop/Home/index/upload
INFO: [ app_init ] --START--
INFO: Run Behavior\BuildLiteBehavior [ RunTime:0.000013s ]
INFO: [ app_init ] --END-- [ RunTime:0.000671s ]

[ 2015-04-08T13:15:37+08:00 ] 127.0.0.1 /shop/Home/index/
INFO: [ app_init ] --START--
INFO: Run Behavior\BuildLiteBehavior [ RunTime:0.000015s ]
INFO: [ app_init ] --END-- [ RunTime:0.007203s ]

[ 2015-04-08T13:15:38+08:00 ] 127.0.0.1 /shop/Home/index/
INFO: [ app_init ] --START--
INFO: Run Behavior\BuildLiteBehavior [ RunTime:0.000184s ]
INFO: [ app_init ] --END-- [ RunTime:0.000476s ]

[ 2015-04-08T13:16:09+08:00 ] 127.0.0.1 /shop/Home/index/
INFO: [ app_init ] --START--
INFO: Run Behavior\BuildLiteBehavior [ RunTime:0.000013s ]
INFO: [ app_init ] --END-- [ RunTime:0.000730s ]

[ 2015-04-08T13:16:14+08:00 ] 127.0.0.1 /shop/Home/index/upload
INFO: [ app_init ] --START--
INFO: Run Behavior\BuildLiteBehavior [ RunTime:0.000013s ]
INFO: [ app_init ] --END-- [ RunTime:0.000663s ]

[ 2015-04-08T13:18:26+08:00 ] 127.0.0.1 /shop/Home/index/
INFO: [ app_init ] --START--
INFO: Run Behavior\BuildLiteBehavior [ RunTime:0.000015s ]
INFO: [ app_init ] --END-- [ RunTime:0.000964s ]

[ 2015-04-08T13:18:28+08:00 ] 127.0.0.1 /shop/Home/index/upload
INFO: [ app_init ] --START--
INFO: Run Behavior\BuildLiteBehavior [ RunTime:0.000013s ]
INFO: [ app_init ] --END-- [ RunTime:0.000710s ]

[ 2015-04-08T13:22:21+08:00 ] 127.0.0.1 /shop/Home/index/
INFO: [ app_init ] --START--
INFO: Run Behavior\BuildLiteBehavior [ RunTime:0.000013s ]
INFO: [ app_init ] --END-- [ RunTime:0.000271s ]

[ 2015-04-08T13:22:26+08:00 ] 127.0.0.1 /shop/Home/index/upload
INFO: [ app_init ] --START--
INFO: Run Behavior\BuildLiteBehavior [ RunTime:0.000012s ]
INFO: [ app_init ] --END-- [ RunTime:0.000227s ]

[ 2015-04-08T13:22:55+08:00 ] 127.0.0.1 /shop/Home/index/
INFO: [ app_init ] --START--
INFO: Run Behavior\BuildLiteBehavior [ RunTime:0.000012s ]
INFO: [ app_init ] --END-- [ RunTime:0.000213s ]

[ 2015-04-08T13:22:57+08:00 ] 127.0.0.1 /shop/Home/index/upload
INFO: [ app_init ] --START--
INFO: Run Behavior\BuildLiteBehavior [ RunTime:0.000012s ]
INFO: [ app_init ] --END-- [ RunTime:0.000215s ]

[ 2015-04-08T13:23:04+08:00 ] 127.0.0.1 /shop/Home/index/
INFO: [ app_init ] --START--
INFO: Run Behavior\BuildLiteBehavior [ RunTime:0.000013s ]
INFO: [ app_init ] --END-- [ RunTime:0.000423s ]

[ 2015-04-08T13:23:06+08:00 ] 127.0.0.1 /shop/Home/index/upload
INFO: [ app_init ] --START--
INFO: Run Behavior\BuildLiteBehavior [ RunTime:0.000013s ]
INFO: [ app_init ] --END-- [ RunTime:0.000238s ]

[ 2015-04-08T13:23:18+08:00 ] 127.0.0.1 /shop/Home/index/
INFO: [ app_init ] --START--
INFO: Run Behavior\BuildLiteBehavior [ RunTime:0.000012s ]
INFO: [ app_init ] --END-- [ RunTime:0.000254s ]

[ 2015-04-08T13:23:20+08:00 ] 127.0.0.1 /shop/Home/index/upload
INFO: [ app_init ] --START--
INFO: Run Behavior\BuildLiteBehavior [ RunTime:0.000012s ]
INFO: [ app_init ] --END-- [ RunTime:0.000274s ]

[ 2015-04-08T13:23:37+08:00 ] 127.0.0.1 /shop/Home/index/
INFO: [ app_init ] --START--
INFO: Run Behavior\BuildLiteBehavior [ RunTime:0.000015s ]
INFO: [ app_init ] --END-- [ RunTime:0.000273s ]

[ 2015-04-08T13:23:38+08:00 ] 127.0.0.1 /shop/Home/index/upload
INFO: [ app_init ] --START--
INFO: Run Behavior\BuildLiteBehavior [ RunTime:0.000011s ]
INFO: [ app_init ] --END-- [ RunTime:0.000238s ]

[ 2015-04-08T13:23:53+08:00 ] 127.0.0.1 /shop/Home/index/
INFO: [ app_init ] --START--
INFO: Run Behavior\BuildLiteBehavior [ RunTime:0.000013s ]
INFO: [ app_init ] --END-- [ RunTime:0.000614s ]

[ 2015-04-08T13:23:54+08:00 ] 127.0.0.1 /shop/Home/index/upload
INFO: [ app_init ] --START--
INFO: Run Behavior\BuildLiteBehavior [ RunTime:0.000012s ]
INFO: [ app_init ] --END-- [ RunTime:0.005554s ]

[ 2015-04-08T13:24:31+08:00 ] 127.0.0.1 /shop/Home/index/
INFO: [ app_init ] --START--
INFO: Run Behavior\BuildLiteBehavior [ RunTime:0.000013s ]
INFO: [ app_init ] --END-- [ RunTime:0.000272s ]

[ 2015-04-08T13:24:32+08:00 ] 127.0.0.1 /shop/Home/index/upload
INFO: [ app_init ] --START--
INFO: Run Behavior\BuildLiteBehavior [ RunTime:0.000011s ]
INFO: [ app_init ] --END-- [ RunTime:0.000338s ]

[ 2015-04-08T13:25:13+08:00 ] 127.0.0.1 /shop/Home/index/
INFO: [ app_init ] --START--
INFO: Run Behavior\BuildLiteBehavior [ RunTime:0.000022s ]
INFO: [ app_init ] --END-- [ RunTime:0.000291s ]

[ 2015-04-08T13:25:14+08:00 ] 127.0.0.1 /shop/Home/index/upload
INFO: [ app_init ] --START--
INFO: Run Behavior\BuildLiteBehavior [ RunTime:0.000012s ]
INFO: [ app_init ] --END-- [ RunTime:0.000237s ]

[ 2015-04-08T13:25:21+08:00 ] 127.0.0.1 /shop/Home/index/
INFO: [ app_init ] --START--
INFO: Run Behavior\BuildLiteBehavior [ RunTime:0.000014s ]
INFO: [ app_init ] --END-- [ RunTime:0.016912s ]

[ 2015-04-08T13:25:21+08:00 ] 127.0.0.1 /shop/Home/index/upload
INFO: [ app_init ] --START--
INFO: Run Behavior\BuildLiteBehavior [ RunTime:0.004839s ]
INFO: [ app_init ] --END-- [ RunTime:0.005472s ]

[ 2015-04-08T13:25:27+08:00 ] 127.0.0.1 /shop/Home/index/
INFO: [ app_init ] --START--
INFO: Run Behavior\BuildLiteBehavior [ RunTime:0.000013s ]
INFO: [ app_init ] --END-- [ RunTime:0.000663s ]

[ 2015-04-08T13:25:28+08:00 ] 127.0.0.1 /shop/Home/index/upload
INFO: [ app_init ] --START--
INFO: Run Behavior\BuildLiteBehavior [ RunTime:0.000384s ]
INFO: [ app_init ] --END-- [ RunTime:0.001081s ]

[ 2015-04-08T13:25:51+08:00 ] 127.0.0.1 /shop/Home/index/
INFO: [ app_init ] --START--
INFO: Run Behavior\BuildLiteBehavior [ RunTime:0.000014s ]
INFO: [ app_init ] --END-- [ RunTime:0.000297s ]

[ 2015-04-08T13:25:52+08:00 ] 127.0.0.1 /shop/Home/index/upload
INFO: [ app_init ] --START--
INFO: Run Behavior\BuildLiteBehavior [ RunTime:0.000012s ]
INFO: [ app_init ] --END-- [ RunTime:0.000213s ]

[ 2015-04-08T13:27:16+08:00 ] 127.0.0.1 /shop/Home/index/
INFO: [ app_init ] --START--
INFO: Run Behavior\BuildLiteBehavior [ RunTime:0.000015s ]
INFO: [ app_init ] --END-- [ RunTime:0.008515s ]

[ 2015-04-08T13:27:17+08:00 ] 127.0.0.1 /shop/Home/index/upload
INFO: [ app_init ] --START--
INFO: Run Behavior\BuildLiteBehavior [ RunTime:0.000025s ]
INFO: [ app_init ] --END-- [ RunTime:0.000325s ]

[ 2015-04-08T13:27:22+08:00 ] 127.0.0.1 /shop/Home/index/upload
INFO: [ app_init ] --START--
INFO: Run Behavior\BuildLiteBehavior [ RunTime:0.000011s ]
INFO: [ app_init ] --END-- [ RunTime:0.000205s ]

[ 2015-04-08T13:27:27+08:00 ] 127.0.0.1 /shop/Home/index/upload
INFO: [ app_init ] --START--
INFO: Run Behavior\BuildLiteBehavior [ RunTime:0.000015s ]
INFO: [ app_init ] --END-- [ RunTime:0.002698s ]

[ 2015-04-08T13:27:31+08:00 ] 127.0.0.1 /shop/Home/index/upload
INFO: [ app_init ] --START--
INFO: Run Behavior\BuildLiteBehavior [ RunTime:0.000014s ]
INFO: [ app_init ] --END-- [ RunTime:0.008689s ]

[ 2015-04-08T13:28:15+08:00 ] 127.0.0.1 /shop/Home/index/
INFO: [ app_init ] --START--
INFO: Run Behavior\BuildLiteBehavior [ RunTime:0.000012s ]
INFO: [ app_init ] --END-- [ RunTime:0.000287s ]

[ 2015-04-08T13:28:16+08:00 ] 127.0.0.1 /shop/Home/index/upload
INFO: [ app_init ] --START--
INFO: Run Behavior\BuildLiteBehavior [ RunTime:0.000014s ]
INFO: [ app_init ] --END-- [ RunTime:0.000389s ]

[ 2015-04-08T13:31:42+08:00 ] 127.0.0.1 /shop/Home/index/
INFO: [ app_init ] --START--
INFO: Run Behavior\BuildLiteBehavior [ RunTime:0.000013s ]
INFO: [ app_init ] --END-- [ RunTime:0.000230s ]

[ 2015-04-08T13:31:42+08:00 ] 127.0.0.1 /shop/Home/index/upload
INFO: [ app_init ] --START--
INFO: Run Behavior\BuildLiteBehavior [ RunTime:0.000013s ]
INFO: [ app_init ] --END-- [ RunTime:0.000215s ]

[ 2015-04-08T13:35:53+08:00 ] 127.0.0.1 /shop/Home/index/
INFO: [ app_init ] --START--
INFO: Run Behavior\BuildLiteBehavior [ RunTime:0.000013s ]
INFO: [ app_init ] --END-- [ RunTime:0.000630s ]

[ 2015-04-08T13:35:54+08:00 ] 127.0.0.1 /shop/Home/index/upload
INFO: [ app_init ] --START--
INFO: Run Behavior\BuildLiteBehavior [ RunTime:0.000013s ]
INFO: [ app_init ] --END-- [ RunTime:0.000637s ]

[ 2015-04-08T13:36:19+08:00 ] 127.0.0.1 /shop/Home/index/
INFO: [ app_init ] --START--
INFO: Run Behavior\BuildLiteBehavior [ RunTime:0.000012s ]
INFO: [ app_init ] --END-- [ RunTime:0.000372s ]

[ 2015-04-08T13:36:20+08:00 ] 127.0.0.1 /shop/Home/index/upload
INFO: [ app_init ] --START--
INFO: Run Behavior\BuildLiteBehavior [ RunTime:0.000013s ]
INFO: [ app_init ] --END-- [ RunTime:0.005600s ]

[ 2015-04-08T13:36:27+08:00 ] 127.0.0.1 /shop/Home/index/
INFO: [ app_init ] --START--
INFO: Run Behavior\BuildLiteBehavior [ RunTime:0.000040s ]
INFO: [ app_init ] --END-- [ RunTime:0.000263s ]

[ 2015-04-08T13:36:28+08:00 ] 127.0.0.1 /shop/Home/index/upload
INFO: [ app_init ] --START--
INFO: Run Behavior\BuildLiteBehavior [ RunTime:0.000016s ]
INFO: [ app_init ] --END-- [ RunTime:0.000319s ]

[ 2015-04-08T13:36:35+08:00 ] 127.0.0.1 /shop/Home/index/
INFO: [ app_init ] --START--
INFO: Run Behavior\BuildLiteBehavior [ RunTime:0.000013s ]
INFO: [ app_init ] --END-- [ RunTime:0.000592s ]

[ 2015-04-08T13:36:36+08:00 ] 127.0.0.1 /shop/Home/index/upload
INFO: [ app_init ] --START--
INFO: Run Behavior\BuildLiteBehavior [ RunTime:0.000013s ]
INFO: [ app_init ] --END-- [ RunTime:0.000786s ]

[ 2015-04-08T13:36:55+08:00 ] 127.0.0.1 /shop/Home/index/
INFO: [ app_init ] --START--
INFO: Run Behavior\BuildLiteBehavior [ RunTime:0.000012s ]
INFO: [ app_init ] --END-- [ RunTime:0.000649s ]

[ 2015-04-08T13:36:56+08:00 ] 127.0.0.1 /shop/Home/index/upload
INFO: [ app_init ] --START--
INFO: Run Behavior\BuildLiteBehavior [ RunTime:0.000013s ]
INFO: [ app_init ] --END-- [ RunTime:0.000602s ]

[ 2015-04-08T13:37:47+08:00 ] 127.0.0.1 /shop/Home/index/
INFO: [ app_init ] --START--
INFO: Run Behavior\BuildLiteBehavior [ RunTime:0.000012s ]
INFO: [ app_init ] --END-- [ RunTime:0.000262s ]

[ 2015-04-08T13:37:48+08:00 ] 127.0.0.1 /shop/Home/index/upload
INFO: [ app_init ] --START--
INFO: Run Behavior\BuildLiteBehavior [ RunTime:0.000011s ]
INFO: [ app_init ] --END-- [ RunTime:0.000325s ]

[ 2015-04-08T13:38:14+08:00 ] 127.0.0.1 /shop/Home/index/
INFO: [ app_init ] --START--
INFO: Run Behavior\BuildLiteBehavior [ RunTime:0.004282s ]
INFO: [ app_init ] --END-- [ RunTime:0.004440s ]

[ 2015-04-08T13:38:15+08:00 ] 127.0.0.1 /shop/Home/index/upload
INFO: [ app_init ] --START--
INFO: Run Behavior\BuildLiteBehavior [ RunTime:0.000012s ]
INFO: [ app_init ] --END-- [ RunTime:0.000218s ]

[ 2015-04-08T13:45:21+08:00 ] 127.0.0.1 /shop/Home/index/
INFO: [ app_init ] --START--
INFO: Run Behavior\BuildLiteBehavior [ RunTime:0.000028s ]
INFO: [ app_init ] --END-- [ RunTime:0.009220s ]

[ 2015-04-08T13:45:23+08:00 ] 127.0.0.1 /shop/Home/index/upload
INFO: [ app_init ] --START--
INFO: Run Behavior\BuildLiteBehavior [ RunTime:0.000065s ]
INFO: [ app_init ] --END-- [ RunTime:0.012404s ]

[ 2015-04-08T13:46:58+08:00 ] 127.0.0.1 /shop/Home/index/
INFO: [ app_init ] --START--
INFO: Run Behavior\BuildLiteBehavior [ RunTime:0.000017s ]
INFO: [ app_init ] --END-- [ RunTime:0.014394s ]

[ 2015-04-08T13:46:58+08:00 ] 127.0.0.1 /shop/Home/index/upload
INFO: [ app_init ] --START--
INFO: Run Behavior\BuildLiteBehavior [ RunTime:0.000014s ]
INFO: [ app_init ] --END-- [ RunTime:0.000309s ]

[ 2015-04-08T13:47:20+08:00 ] 127.0.0.1 /shop/Home/index/
INFO: [ app_init ] --START--
INFO: Run Behavior\BuildLiteBehavior [ RunTime:0.000011s ]
INFO: [ app_init ] --END-- [ RunTime:0.000245s ]

[ 2015-04-08T13:47:21+08:00 ] 127.0.0.1 /shop/Home/index/upload
INFO: [ app_init ] --START--
INFO: Run Behavior\BuildLiteBehavior [ RunTime:0.000011s ]
INFO: [ app_init ] --END-- [ RunTime:0.000233s ]

[ 2015-04-08T13:47:31+08:00 ] 127.0.0.1 /shop/Home/index/
INFO: [ app_init ] --START--
INFO: Run Behavior\BuildLiteBehavior [ RunTime:0.000012s ]
INFO: [ app_init ] --END-- [ RunTime:0.000550s ]

[ 2015-04-08T13:47:31+08:00 ] 127.0.0.1 /shop/Home/index/upload
INFO: [ app_init ] --START--
INFO: Run Behavior\BuildLiteBehavior [ RunTime:0.000013s ]
INFO: [ app_init ] --END-- [ RunTime:0.000621s ]

[ 2015-04-08T13:47:52+08:00 ] 127.0.0.1 /shop/Home/index/upload
INFO: [ app_init ] --START--
INFO: Run Behavior\BuildLiteBehavior [ RunTime:0.000013s ]
INFO: [ app_init ] --END-- [ RunTime:0.000303s ]

[ 2015-04-08T13:48:25+08:00 ] 127.0.0.1 /shop/Home/index/upload
INFO: [ app_init ] --START--
INFO: Run Behavior\BuildLiteBehavior [ RunTime:0.000012s ]
INFO: [ app_init ] --END-- [ RunTime:0.000271s ]

[ 2015-04-08T13:48:39+08:00 ] 127.0.0.1 /shop/Home/index/upload
INFO: [ app_init ] --START--
INFO: Run Behavior\BuildLiteBehavior [ RunTime:0.000013s ]
INFO: [ app_init ] --END-- [ RunTime:0.000632s ]

[ 2015-04-08T13:50:29+08:00 ] 127.0.0.1 /shop/Home/index/
INFO: [ app_init ] --START--
INFO: Run Behavior\BuildLiteBehavior [ RunTime:0.000027s ]
INFO: [ app_init ] --END-- [ RunTime:0.000676s ]

[ 2015-04-08T13:50:29+08:00 ] 127.0.0.1 /shop/Home/index/upload
INFO: [ app_init ] --START--
INFO: Run Behavior\BuildLiteBehavior [ RunTime:0.000013s ]
INFO: [ app_init ] --END-- [ RunTime:0.000680s ]

[ 2015-04-08T13:53:38+08:00 ] 127.0.0.1 /shop/Home/index/
INFO: [ app_init ] --START--
INFO: Run Behavior\BuildLiteBehavior [ RunTime:0.000012s ]
INFO: [ app_init ] --END-- [ RunTime:0.000250s ]

[ 2015-04-08T13:53:48+08:00 ] 127.0.0.1 /shop/Home/index/
INFO: [ app_init ] --START--
INFO: Run Behavior\BuildLiteBehavior [ RunTime:0.000013s ]
INFO: [ app_init ] --END-- [ RunTime:0.000324s ]

[ 2015-04-08T13:53:49+08:00 ] 127.0.0.1 /shop/Home/index/upload
INFO: [ app_init ] --START--
INFO: Run Behavior\BuildLiteBehavior [ RunTime:0.000013s ]
INFO: [ app_init ] --END-- [ RunTime:0.000251s ]

[ 2015-04-08T13:55:48+08:00 ] 127.0.0.1 /shop/Home/index/
INFO: [ app_init ] --START--
INFO: Run Behavior\BuildLiteBehavior [ RunTime:0.000014s ]
INFO: [ app_init ] --END-- [ RunTime:0.013588s ]

[ 2015-04-08T13:55:49+08:00 ] 127.0.0.1 /shop/Home/index/upload
INFO: [ app_init ] --START--
INFO: Run Behavior\BuildLiteBehavior [ RunTime:0.000011s ]
INFO: [ app_init ] --END-- [ RunTime:0.000234s ]

[ 2015-04-08T13:56:37+08:00 ] 127.0.0.1 /shop/Home/index/
INFO: [ app_init ] --START--
INFO: Run Behavior\BuildLiteBehavior [ RunTime:0.004452s ]
INFO: [ app_init ] --END-- [ RunTime:0.004775s ]

[ 2015-04-08T13:56:38+08:00 ] 127.0.0.1 /shop/Home/index/upload
INFO: [ app_init ] --START--
INFO: Run Behavior\BuildLiteBehavior [ RunTime:0.000012s ]
INFO: [ app_init ] --END-- [ RunTime:0.000274s ]

[ 2015-04-08T13:57:20+08:00 ] 127.0.0.1 /shop/Home/index/
INFO: [ app_init ] --START--
INFO: Run Behavior\BuildLiteBehavior [ RunTime:0.000013s ]
INFO: [ app_init ] --END-- [ RunTime:0.000360s ]

[ 2015-04-08T13:57:31+08:00 ] 127.0.0.1 /shop/Home/index/upload
INFO: [ app_init ] --START--
INFO: Run Behavior\BuildLiteBehavior [ RunTime:0.000014s ]
INFO: [ app_init ] --END-- [ RunTime:0.000710s ]

[ 2015-04-08T13:57:32+08:00 ] 127.0.0.1 /shop/Home/index/
INFO: [ app_init ] --START--
INFO: Run Behavior\BuildLiteBehavior [ RunTime:0.000013s ]
INFO: [ app_init ] --END-- [ RunTime:0.000651s ]

[ 2015-04-08T14:39:05+08:00 ] 127.0.0.1 /shop/Home/User/
INFO: [ app_init ] --START--
INFO: Run Behavior\BuildLiteBehavior [ RunTime:0.000013s ]
INFO: [ app_init ] --END-- [ RunTime:0.000253s ]
ERR: 非法操作:index

[ 2015-04-08T14:39:20+08:00 ] 127.0.0.1 /shop/Home/index/
INFO: [ app_init ] --START--
INFO: Run Behavior\BuildLiteBehavior [ RunTime:0.000012s ]
INFO: [ app_init ] --END-- [ RunTime:0.000267s ]
ERR: 模板不存在:./shopEL/Home/View/./yang.html

[ 2015-04-08T14:39:40+08:00 ] 127.0.0.1 /shop/Home/index/
INFO: [ app_init ] --START--
INFO: Run Behavior\BuildLiteBehavior [ RunTime:0.000012s ]
INFO: [ app_init ] --END-- [ RunTime:0.000655s ]

[ 2015-04-08T14:40:42+08:00 ] 127.0.0.1 /shop/Home/user/info
INFO: [ app_init ] --START--
INFO: Run Behavior\BuildLiteBehavior [ RunTime:0.001768s ]
INFO: [ app_init ] --END-- [ RunTime:0.002532s ]

[ 2015-04-08T14:43:02+08:00 ] 127.0.0.1 /shop/Home/user/info
INFO: [ app_init ] --START--
INFO: Run Behavior\BuildLiteBehavior [ RunTime:0.000014s ]
INFO: [ app_init ] --END-- [ RunTime:0.000304s ]

[ 2015-04-08T14:43:07+08:00 ] 127.0.0.1 /shop/Home/index/upload
INFO: [ app_init ] --START--
INFO: Run Behavior\BuildLiteBehavior [ RunTime:0.000012s ]
INFO: [ app_init ] --END-- [ RunTime:0.000285s ]
ERR: 非法操作:upload

[ 2015-04-08T14:45:06+08:00 ] 127.0.0.1 /shop/Home/user/info
INFO: [ app_init ] --START--
INFO: Run Behavior\BuildLiteBehavior [ RunTime:0.000014s ]
INFO: [ app_init ] --END-- [ RunTime:0.001155s ]

[ 2015-04-08T14:45:07+08:00 ] 127.0.0.1 /shop/Home/user/upload
INFO: [ app_init ] --START--
INFO: Run Behavior\BuildLiteBehavior [ RunTime:0.000013s ]
INFO: [ app_init ] --END-- [ RunTime:0.010027s ]

[ 2015-04-08T14:46:41+08:00 ] 127.0.0.1 /shop/Home/user/info
INFO: [ app_init ] --START--
INFO: Run Behavior\BuildLiteBehavior [ RunTime:0.000011s ]
INFO: [ app_init ] --END-- [ RunTime:0.000218s ]

[ 2015-04-08T14:46:42+08:00 ] 127.0.0.1 /shop/Home/user/upload
INFO: [ app_init ] --START--
INFO: Run Behavior\BuildLiteBehavior [ RunTime:0.000011s ]
INFO: [ app_init ] --END-- [ RunTime:0.000243s ]

[ 2015-04-08T14:47:22+08:00 ] 127.0.0.1 /shop/Home/user/info
INFO: [ app_init ] --START--
INFO: Run Behavior\BuildLiteBehavior [ RunTime:0.000017s ]
INFO: [ app_init ] --END-- [ RunTime:0.002883s ]

[ 2015-04-08T14:47:26+08:00 ] 127.0.0.1 /shop/Home/user/upload
INFO: [ app_init ] --START--
INFO: Run Behavior\BuildLiteBehavior [ RunTime:0.000012s ]
INFO: [ app_init ] --END-- [ RunTime:0.000258s ]

[ 2015-04-08T14:48:45+08:00 ] 127.0.0.1 /shop/Home/user/info
INFO: [ app_init ] --START--
INFO: Run Behavior\BuildLiteBehavior [ RunTime:0.000014s ]
INFO: [ app_init ] --END-- [ RunTime:0.000608s ]

[ 2015-04-08T14:48:49+08:00 ] 127.0.0.1 /shop/Home/user/upload
INFO: [ app_init ] --START--
INFO: Run Behavior\BuildLiteBehavior [ RunTime:0.000013s ]
INFO: [ app_init ] --END-- [ RunTime:0.000770s ]

[ 2015-04-08T14:51:40+08:00 ] 127.0.0.1 /shop/Home/user/info
INFO: [ app_init ] --START--
INFO: Run Behavior\BuildLiteBehavior [ RunTime:0.000012s ]
INFO: [ app_init ] --END-- [ RunTime:0.000289s ]

[ 2015-04-08T14:51:41+08:00 ] 127.0.0.1 /shop/Home/user/upload
INFO: [ app_init ] --START--
INFO: Run Behavior\BuildLiteBehavior [ RunTime:0.000012s ]
INFO: [ app_init ] --END-- [ RunTime:0.000286s ]

[ 2015-04-08T14:52:23+08:00 ] 127.0.0.1 /shop/Home/user/info
INFO: [ app_init ] --START--
INFO: Run Behavior\BuildLiteBehavior [ RunTime:0.000012s ]
INFO: [ app_init ] --END-- [ RunTime:0.000275s ]

[ 2015-04-08T14:52:24+08:00 ] 127.0.0.1 /shop/Home/user/upload
INFO: [ app_init ] --START--
INFO: Run Behavior\BuildLiteBehavior [ RunTime:0.000013s ]
INFO: [ app_init ] --END-- [ RunTime:0.000285s ]

[ 2015-04-08T14:53:58+08:00 ] 127.0.0.1 /shop/Home/user/info
INFO: [ app_init ] --START--
INFO: Run Behavior\BuildLiteBehavior [ RunTime:0.000011s ]
INFO: [ app_init ] --END-- [ RunTime:0.000586s ]

[ 2015-04-08T14:53:59+08:00 ] 127.0.0.1 /shop/Home/user/upload
INFO: [ app_init ] --START--
INFO: Run Behavior\BuildLiteBehavior [ RunTime:0.000013s ]
INFO: [ app_init ] --END-- [ RunTime:0.000660s ]

[ 2015-04-08T14:58:25+08:00 ] 127.0.0.1 /shop/Home/user/info
INFO: [ app_init ] --START--
INFO: Run Behavior\BuildLiteBehavior [ RunTime:0.000013s ]
INFO: [ app_init ] --END-- [ RunTime:0.000269s ]

[ 2015-04-08T14:58:26+08:00 ] 127.0.0.1 /shop/Home/user/upload
INFO: [ app_init ] --START--
INFO: Run Behavior\BuildLiteBehavior [ RunTime:0.000012s ]
INFO: [ app_init ] --END-- [ RunTime:0.000233s ]

[ 2015-04-08T15:01:13+08:00 ] 127.0.0.1 /shop/Home/user/info
INFO: [ app_init ] --START--
INFO: Run Behavior\BuildLiteBehavior [ RunTime:0.000014s ]
INFO: [ app_init ] --END-- [ RunTime:0.000349s ]

[ 2015-04-08T15:01:14+08:00 ] 127.0.0.1 /shop/Home/user/upload
INFO: [ app_init ] --START--
INFO: Run Behavior\BuildLiteBehavior [ RunTime:0.000012s ]
INFO: [ app_init ] --END-- [ RunTime:0.000236s ]

[ 2015-04-08T15:03:15+08:00 ] 127.0.0.1 /shop/Home/user/info
INFO: [ app_init ] --START--
INFO: Run Behavior\BuildLiteBehavior [ RunTime:0.000012s ]
INFO: [ app_init ] --END-- [ RunTime:0.000648s ]

[ 2015-04-08T15:03:15+08:00 ] 127.0.0.1 /shop/Home/user/upload
INFO: [ app_init ] --START--
INFO: Run Behavior\BuildLiteBehavior [ RunTime:0.000032s ]
INFO: [ app_init ] --END-- [ RunTime:0.006889s ]

[ 2015-04-08T15:05:59+08:00 ] 127.0.0.1 /shop/Home/user/info
INFO: [ app_init ] --START--
INFO: Run Behavior\BuildLiteBehavior [ RunTime:0.000012s ]
INFO: [ app_init ] --END-- [ RunTime:0.000232s ]

[ 2015-04-08T15:10:59+08:00 ] 127.0.0.1 /shop/Home/user/info
INFO: [ app_init ] --START--
INFO: Run Behavior\BuildLiteBehavior [ RunTime:0.000012s ]
INFO: [ app_init ] --END-- [ RunTime:0.000219s ]

[ 2015-04-08T15:11:01+08:00 ] 127.0.0.1 /shop/Home/user/info
INFO: [ app_init ] --START--
INFO: Run Behavior\BuildLiteBehavior [ RunTime:0.000011s ]
INFO: [ app_init ] --END-- [ RunTime:0.000200s ]

[ 2015-04-08T15:11:35+08:00 ] 127.0.0.1 /shop/Home/user/info
INFO: [ app_init ] --START--
INFO: Run Behavior\BuildLiteBehavior [ RunTime:0.000056s ]
INFO: [ app_init ] --END-- [ RunTime:0.000679s ]

[ 2015-04-08T15:37:36+08:00 ] 127.0.0.1 /shop/Home/user/info
INFO: [ app_init ] --START--
INFO: Run Behavior\BuildLiteBehavior [ RunTime:0.000020s ]
INFO: [ app_init ] --END-- [ RunTime:0.000971s ]

[ 2015-04-08T15:37:38+08:00 ] 127.0.0.1 /shop/Home/user/upload
INFO: [ app_init ] --START--
INFO: Run Behavior\BuildLiteBehavior [ RunTime:0.000013s ]
INFO: [ app_init ] --END-- [ RunTime:0.000546s ]
INFO: [ app_begin ] --START--
INFO: Run Behavior\ReadHtmlCacheBehavior [ RunTime:0.000642s ]
INFO: [ app_begin ] --END-- [ RunTime:0.000746s ]
INFO: [ app_end ] --START--
INFO: Run Behavior\ShowPageTraceBehavior [ RunTime:0.006020s ]
INFO: [ app_end ] --END-- [ RunTime:0.006093s ]

[ 2015-04-08T15:37:39+08:00 ] 127.0.0.1 /shop/Home/user/upload
INFO: [ app_init ] --START--
INFO: Run Behavior\BuildLiteBehavior [ RunTime:0.000012s ]
INFO: [ app_init ] --END-- [ RunTime:0.000634s ]
INFO: [ app_begin ] --START--
INFO: Run Behavior\ReadHtmlCacheBehavior [ RunTime:0.000827s ]
INFO: [ app_begin ] --END-- [ RunTime:0.000967s ]
INFO: [ app_end ] --START--
INFO: Run Behavior\ShowPageTraceBehavior [ RunTime:0.000837s ]
INFO: [ app_end ] --END-- [ RunTime:0.000919s ]

[ 2015-04-08T15:37:43+08:00 ] 127.0.0.1 /shop/Home/user/upload
INFO: [ app_init ] --START--
INFO: Run Behavior\BuildLiteBehavior [ RunTime:0.000012s ]
INFO: [ app_init ] --END-- [ RunTime:0.000568s ]
INFO: [ app_begin ] --START--
INFO: Run Behavior\ReadHtmlCacheBehavior [ RunTime:0.000685s ]
INFO: [ app_begin ] --END-- [ RunTime:0.000809s ]
INFO: [ app_end ] --START--
INFO: Run Behavior\ShowPageTraceBehavior [ RunTime:0.003348s ]
INFO: [ app_end ] --END-- [ RunTime:0.003425s ]

[ 2015-04-08T15:38:11+08:00 ] 127.0.0.1 /shop/Home/user/info
INFO: [ app_init ] --START--
INFO: Run Behavior\BuildLiteBehavior [ RunTime:0.000012s ]
INFO: [ app_init ] --END-- [ RunTime:0.000322s ]

[ 2015-04-08T15:38:12+08:00 ] 127.0.0.1 /shop/Home/user/upload
INFO: [ app_init ] --START--
INFO: Run Behavior\BuildLiteBehavior [ RunTime:0.000011s ]
INFO: [ app_init ] --END-- [ RunTime:0.000259s ]
INFO: [ app_begin ] --START--
INFO: Run Behavior\ReadHtmlCacheBehavior [ RunTime:0.000369s ]
INFO: [ app_begin ] --END-- [ RunTime:0.000407s ]
INFO: [ app_end ] --START--
INFO: Run Behavior\ShowPageTraceBehavior [ RunTime:0.000328s ]
INFO: [ app_end ] --END-- [ RunTime:0.000366s ]

[ 2015-04-08T15:38:26+08:00 ] 127.0.0.1 /shop/Home/user/upload
INFO: [ app_init ] --START--
INFO: Run Behavior\BuildLiteBehavior [ RunTime:0.000012s ]
INFO: [ app_init ] --END-- [ RunTime:0.000360s ]
INFO: [ app_begin ] --START--
INFO: Run Behavior\ReadHtmlCacheBehavior [ RunTime:0.000361s ]
INFO: [ app_begin ] --END-- [ RunTime:0.000419s ]
INFO: [ app_end ] --START--
INFO: Run Behavior\ShowPageTraceBehavior [ RunTime:0.000363s ]
INFO: [ app_end ] --END-- [ RunTime:0.000402s ]

[ 2015-04-08T15:39:15+08:00 ] 127.0.0.1 /shop/Home/user/info
INFO: [ app_init ] --START--
INFO: Run Behavior\BuildLiteBehavior [ RunTime:0.000012s ]
INFO: [ app_init ] --END-- [ RunTime:0.000680s ]

[ 2015-04-08T15:39:16+08:00 ] 127.0.0.1 /shop/Home/user/upload
INFO: [ app_init ] --START--
INFO: Run Behavior\BuildLiteBehavior [ RunTime:0.000012s ]
INFO: [ app_init ] --END-- [ RunTime:0.000704s ]
INFO: [ app_begin ] --START--
INFO: Run Behavior\ReadHtmlCacheBehavior [ RunTime:0.000825s ]
INFO: [ app_begin ] --END-- [ RunTime:0.003076s ]
NOTIC: [2] Invalid argument supplied for foreach() /var/www/shop/ThinkPHP/Library/Think/Upload.class.php 第 226 行.

[ 2015-04-08T15:39:26+08:00 ] 127.0.0.1 /shop/Home/user/upload
INFO: [ app_init ] --START--
INFO: Run Behavior\BuildLiteBehavior [ RunTime:0.000011s ]
INFO: [ app_init ] --END-- [ RunTime:0.000651s ]
INFO: [ app_begin ] --START--
INFO: Run Behavior\ReadHtmlCacheBehavior [ RunTime:0.000363s ]
INFO: [ app_begin ] --END-- [ RunTime:0.000410s ]
NOTIC: [2] Invalid argument supplied for foreach() /var/www/shop/ThinkPHP/Library/Think/Upload.class.php 第 226 行.

[ 2015-04-08T15:39:41+08:00 ] 127.0.0.1 /shop/Home/user/upload
INFO: [ app_init ] --START--
INFO: Run Behavior\BuildLiteBehavior [ RunTime:0.000010s ]
INFO: [ app_init ] --END-- [ RunTime:0.000292s ]
INFO: [ app_begin ] --START--
INFO: Run Behavior\ReadHtmlCacheBehavior [ RunTime:0.000746s ]
INFO: [ app_begin ] --END-- [ RunTime:0.000826s ]
NOTIC: [2] Invalid argument supplied for foreach() /var/www/shop/ThinkPHP/Library/Think/Upload.class.php 第 226 行.

[ 2015-04-08T15:40:34+08:00 ] 127.0.0.1 /shop/Home/user/info
INFO: [ app_init ] --START--
INFO: Run Behavior\BuildLiteBehavior [ RunTime:0.000013s ]
INFO: [ app_init ] --END-- [ RunTime:0.000652s ]

[ 2015-04-08T15:40:35+08:00 ] 127.0.0.1 /shop/Home/user/upload
INFO: [ app_init ] --START--
INFO: Run Behavior\BuildLiteBehavior [ RunTime:0.000012s ]
INFO: [ app_init ] --END-- [ RunTime:0.000642s ]
INFO: [ app_begin ] --START--
INFO: Run Behavior\ReadHtmlCacheBehavior [ RunTime:0.000850s ]
INFO: [ app_begin ] --END-- [ RunTime:0.000986s ]
NOTIC: [2] finfo_file(1): failed to open stream: No such file or directory /var/www/shop/ThinkPHP/Library/Think/Upload.class.php 第 149 行.

[ 2015-04-08T15:41:14+08:00 ] 127.0.0.1 /shop/Home/user/info
INFO: [ app_init ] --START--
INFO: Run Behavior\BuildLiteBehavior [ RunTime:0.000013s ]
INFO: [ app_init ] --END-- [ RunTime:0.000325s ]

[ 2015-04-08T15:41:15+08:00 ] 127.0.0.1 /shop/Home/user/upload
INFO: [ app_init ] --START--
INFO: Run Behavior\BuildLiteBehavior [ RunTime:0.000012s ]
INFO: [ app_init ] --END-- [ RunTime:0.000204s ]
INFO: [ app_begin ] --START--
INFO: Run Behavior\ReadHtmlCacheBehavior [ RunTime:0.000282s ]
INFO: [ app_begin ] --END-- [ RunTime:0.000345s ]
NOTIC: [2] Invalid argument supplied for foreach() /var/www/shop/ThinkPHP/Library/Think/Upload.class.php 第 226 行.

[ 2015-04-08T15:41:50+08:00 ] 127.0.0.1 /shop/Home/user/info
INFO: [ app_init ] --START--
INFO: Run Behavior\BuildLiteBehavior [ RunTime:0.000011s ]
INFO: [ app_init ] --END-- [ RunTime:0.000244s ]

[ 2015-04-08T15:41:51+08:00 ] 127.0.0.1 /shop/Home/user/upload
INFO: [ app_init ] --START--
INFO: Run Behavior\BuildLiteBehavior [ RunTime:0.000012s ]
INFO: [ app_init ] --END-- [ RunTime:0.000226s ]
INFO: [ app_begin ] --START--
INFO: Run Behavior\ReadHtmlCacheBehavior [ RunTime:0.000299s ]
INFO: [ app_begin ] --END-- [ RunTime:0.000342s ]
NOTIC: [2] Invalid argument supplied for foreach() /var/www/shop/ThinkPHP/Library/Think/Upload.class.php 第 226 行.

[ 2015-04-08T15:41:54+08:00 ] 127.0.0.1 /shop/Home/user/upload
INFO: [ app_init ] --START--
INFO: Run Behavior\BuildLiteBehavior [ RunTime:0.000018s ]
INFO: [ app_init ] --END-- [ RunTime:0.000362s ]
INFO: [ app_begin ] --START--
INFO: Run Behavior\ReadHtmlCacheBehavior [ RunTime:0.000943s ]
INFO: [ app_begin ] --END-- [ RunTime:0.001008s ]
NOTIC: [2] Invalid argument supplied for foreach() /var/www/shop/ThinkPHP/Library/Think/Upload.class.php 第 226 行.

[ 2015-04-08T15:42:35+08:00 ] 127.0.0.1 /shop/Home/user/info
INFO: [ app_init ] --START--
INFO: Run Behavior\BuildLiteBehavior [ RunTime:0.000021s ]
INFO: [ app_init ] --END-- [ RunTime:0.000922s ]

[ 2015-04-08T15:42:36+08:00 ] 127.0.0.1 /shop/Home/user/upload
INFO: [ app_init ] --START--
INFO: Run Behavior\BuildLiteBehavior [ RunTime:0.000013s ]
INFO: [ app_init ] --END-- [ RunTime:0.000716s ]
INFO: [ app_begin ] --START--
INFO: Run Behavior\ReadHtmlCacheBehavior [ RunTime:0.007275s ]
INFO: [ app_begin ] --END-- [ RunTime:0.007388s ]
NOTIC: [2] Invalid argument supplied for foreach() /var/www/shop/ThinkPHP/Library/Think/Upload.class.php 第 226 行.

[ 2015-04-08T15:43:28+08:00 ] 127.0.0.1 /shop/Home/user/info
INFO: [ app_init ] --START--
INFO: Run Behavior\BuildLiteBehavior [ RunTime:0.000013s ]
INFO: [ app_init ] --END-- [ RunTime:0.000597s ]

[ 2015-04-08T15:43:29+08:00 ] 127.0.0.1 /shop/Home/user/upload
INFO: [ app_init ] --START--
INFO: Run Behavior\BuildLiteBehavior [ RunTime:0.000013s ]
INFO: [ app_init ] --END-- [ RunTime:0.004748s ]
INFO: [ app_begin ] --START--
INFO: Run Behavior\ReadHtmlCacheBehavior [ RunTime:0.000755s ]
INFO: [ app_begin ] --END-- [ RunTime:0.000878s ]
NOTIC: [2] Invalid argument supplied for foreach() /var/www/shop/ThinkPHP/Library/Think/Upload.class.php 第 226 行.

[ 2015-04-08T15:53:27+08:00 ] 127.0.0.1 /shop/Home/user/info
INFO: [ app_init ] --START--
INFO: Run Behavior\BuildLiteBehavior [ RunTime:0.000013s ]
INFO: [ app_init ] --END-- [ RunTime:0.000283s ]

[ 2015-04-08T15:53:28+08:00 ] 127.0.0.1 /shop/Home/user/upload
INFO: [ app_init ] --START--
INFO: Run Behavior\BuildLiteBehavior [ RunTime:0.000013s ]
INFO: [ app_init ] --END-- [ RunTime:0.000288s ]
INFO: [ app_begin ] --START--
INFO: Run Behavior\ReadHtmlCacheBehavior [ RunTime:0.000373s ]
INFO: [ app_begin ] --END-- [ RunTime:0.000418s ]

[ 2015-04-08T15:53:32+08:00 ] 127.0.0.1 /shop/Home/user/upload
INFO: [ app_init ] --START--
INFO: Run Behavior\BuildLiteBehavior [ RunTime:0.000028s ]
INFO: [ app_init ] --END-- [ RunTime:0.000334s ]
INFO: [ app_begin ] --START--
INFO: Run Behavior\ReadHtmlCacheBehavior [ RunTime:0.000443s ]
INFO: [ app_begin ] --END-- [ RunTime:0.000493s ]

[ 2015-04-08T16:19:51+08:00 ] 127.0.0.1 /shop/Home/user/info
INFO: [ app_init ] --START--
INFO: Run Behavior\BuildLiteBehavior [ RunTime:0.000012s ]
INFO: [ app_init ] --END-- [ RunTime:0.000247s ]

[ 2015-04-08T16:28:34+08:00 ] 127.0.0.1 /shop/Home/user/info
INFO: [ app_init ] --START--
INFO: Run Behavior\BuildLiteBehavior [ RunTime:0.000016s ]
INFO: [ app_init ] --END-- [ RunTime:0.000361s ]

[ 2015-04-08T16:36:22+08:00 ] 127.0.0.1 /shop/Home/user/info
INFO: [ app_init ] --START--
INFO: Run Behavior\BuildLiteBehavior [ RunTime:0.000012s ]
INFO: [ app_init ] --END-- [ RunTime:0.000246s ]

[ 2015-04-08T16:39:15+08:00 ] 127.0.0.1 /shop/Home/user/info
INFO: [ app_init ] --START--
INFO: Run Behavior\BuildLiteBehavior [ RunTime:0.000013s ]
INFO: [ app_init ] --END-- [ RunTime:0.000632s ]

[ 2015-04-08T16:52:10+08:00 ] 127.0.0.1 /shop/Home/user/info
INFO: [ app_init ] --START--
INFO: Run Behavior\BuildLiteBehavior [ RunTime:0.000011s ]
INFO: [ app_init ] --END-- [ RunTime:0.000215s ]

[ 2015-04-08T16:52:32+08:00 ] 127.0.0.1 /shop/Home/user/info
INFO: [ app_init ] --START--
INFO: Run Behavior\BuildLiteBehavior [ RunTime:0.000034s ]
INFO: [ app_init ] --END-- [ RunTime:0.000337s ]

[ 2015-04-08T16:52:33+08:00 ] 127.0.0.1 /shop/Home/user/info
INFO: [ app_init ] --START--
INFO: Run Behavior\BuildLiteBehavior [ RunTime:0.000012s ]
INFO: [ app_init ] --END-- [ RunTime:0.000215s ]

[ 2015-04-08T16:52:48+08:00 ] 127.0.0.1 /shop/Home/user/info
INFO: [ app_init ] --START--
INFO: Run Behavior\BuildLiteBehavior [ RunTime:0.000015s ]
INFO: [ app_init ] --END-- [ RunTime:0.000865s ]

[ 2015-04-08T16:53:25+08:00 ] 127.0.0.1 /shop/Home/user/info
INFO: [ app_init ] --START--
INFO: Run Behavior\BuildLiteBehavior [ RunTime:0.000054s ]
INFO: [ app_init ] --END-- [ RunTime:0.000642s ]

[ 2015-04-08T16:53:58+08:00 ] 127.0.0.1 /shop/Home/user/info
INFO: [ app_init ] --START--
INFO: Run Behavior\BuildLiteBehavior [ RunTime:0.000022s ]
INFO: [ app_init ] --END-- [ RunTime:0.000296s ]

[ 2015-04-08T16:54:48+08:00 ] 127.0.0.1 /shop/Home/user/info
INFO: [ app_init ] --START--
INFO: Run Behavior\BuildLiteBehavior [ RunTime:0.000013s ]
INFO: [ app_init ] --END-- [ RunTime:0.000267s ]

[ 2015-04-08T16:55:12+08:00 ] 127.0.0.1 /shop/Home/user/info
INFO: [ app_init ] --START--
INFO: Run Behavior\BuildLiteBehavior [ RunTime:0.000012s ]
INFO: [ app_init ] --END-- [ RunTime:0.000621s ]

[ 2015-04-08T16:56:06+08:00 ] 127.0.0.1 /shop/Home/user/info
INFO: [ app_init ] --START--
INFO: Run Behavior\BuildLiteBehavior [ RunTime:0.000012s ]
INFO: [ app_init ] --END-- [ RunTime:0.000254s ]

[ 2015-04-08T16:56:27+08:00 ] 127.0.0.1 /shop/Home/user/info
INFO: [ app_init ] --START--
INFO: Run Behavior\BuildLiteBehavior [ RunTime:0.000012s ]
INFO: [ app_init ] --END-- [ RunTime:0.000249s ]

[ 2015-04-08T16:57:03+08:00 ] 127.0.0.1 /shop/Home/user/info
INFO: [ app_init ] --START--
INFO: Run Behavior\BuildLiteBehavior [ RunTime:0.000015s ]
INFO: [ app_init ] --END-- [ RunTime:0.000667s ]

[ 2015-04-08T16:57:27+08:00 ] 127.0.0.1 /shop/Home/user/info
INFO: [ app_init ] --START--
INFO: Run Behavior\BuildLiteBehavior [ RunTime:0.000011s ]
INFO: [ app_init ] --END-- [ RunTime:0.000214s ]

[ 2015-04-08T16:59:11+08:00 ] 127.0.0.1 /shop/Home/user/info
INFO: [ app_init ] --START--
INFO: Run Behavior\BuildLiteBehavior [ RunTime:0.000011s ]
INFO: [ app_init ] --END-- [ RunTime:0.000253s ]

[ 2015-04-08T16:59:52+08:00 ] 127.0.0.1 /shop/Home/user/info
INFO: [ app_init ] --START--
INFO: Run Behavior\BuildLiteBehavior [ RunTime:0.000013s ]
INFO: [ app_init ] --END-- [ RunTime:0.000632s ]

[ 2015-04-08T17:00:19+08:00 ] 127.0.0.1 /shop/Home/user/info
INFO: [ app_init ] --START--
INFO: Run Behavior\BuildLiteBehavior [ RunTime:0.000013s ]
INFO: [ app_init ] --END-- [ RunTime:0.000586s ]

[ 2015-04-08T17:00:54+08:00 ] 127.0.0.1 /shop/Home/user/info
INFO: [ app_init ] --START--
INFO: Run Behavior\BuildLiteBehavior [ RunTime:0.000013s ]
INFO: [ app_init ] --END-- [ RunTime:0.000366s ]

[ 2015-04-08T17:04:28+08:00 ] 127.0.0.1 /shop/Home/user/info
INFO: [ app_init ] --START--
INFO: Run Behavior\BuildLiteBehavior [ RunTime:0.000011s ]
INFO: [ app_init ] --END-- [ RunTime:0.000255s ]

[ 2015-04-08T17:05:02+08:00 ] 127.0.0.1 /shop/Home/user/info
INFO: [ app_init ] --START--
INFO: Run Behavior\BuildLiteBehavior [ RunTime:0.000013s ]
INFO: [ app_init ] --END-- [ RunTime:0.000545s ]

[ 2015-04-08T17:05:17+08:00 ] 127.0.0.1 /shop/Home/user/info
INFO: [ app_init ] --START--
INFO: Run Behavior\BuildLiteBehavior [ RunTime:0.000013s ]
INFO: [ app_init ] --END-- [ RunTime:0.000305s ]

[ 2015-04-08T17:05:42+08:00 ] 127.0.0.1 /shop/Home/user/info
INFO: [ app_init ] --START--
INFO: Run Behavior\BuildLiteBehavior [ RunTime:0.000012s ]
INFO: [ app_init ] --END-- [ RunTime:0.000253s ]

[ 2015-04-08T17:06:54+08:00 ] 127.0.0.1 /shop/Home/user/info
INFO: [ app_init ] --START--
INFO: Run Behavior\BuildLiteBehavior [ RunTime:0.000013s ]
INFO: [ app_init ] --END-- [ RunTime:0.000693s ]

[ 2015-04-08T17:07:26+08:00 ] 127.0.0.1 /shop/Home/user/info
INFO: [ app_init ] --START--
INFO: Run Behavior\BuildLiteBehavior [ RunTime:0.000011s ]
INFO: [ app_init ] --END-- [ RunTime:0.000234s ]

